#
# There is insufficient memory for the Java Runtime Environment to continue.
# Native memory allocation (malloc) failed to allocate 447056 bytes for Chunk::new
# Possible reasons:
#   The system is out of physical RAM or swap space
#   The process is running with CompressedOops enabled, and the Java Heap may be blocking the growth of the native heap
# Possible solutions:
#   Reduce memory load on the system
#   Increase physical memory or swap space
#   Check if swap backing store is full
#   Decrease Java heap size (-Xmx/-Xms)
#   Decrease number of Java threads
#   Decrease Java thread stack sizes (-Xss)
#   Set larger code cache with -XX:ReservedCodeCacheSize=
#   JVM is running with Unscaled Compressed Oops mode in which the Java heap is
#     placed in the first 4GB address space. The Java Heap base address is the
#     maximum limit for the native heap growth. Please use -XX:HeapBaseMinAddress
#     to set the Java Heap base and to place the Java Heap above 4GB virtual address.
# This output file may be truncated or incomplete.
#
#  Out of Memory Error (allocation.cpp:389), pid=12052, tid=0x0000000000000ae4
#
# JRE version: OpenJDK Runtime Environment (8.0_242-b01) (build 1.8.0_242-release-1644-b01)
# Java VM: OpenJDK 64-Bit Server VM (25.242-b01 mixed mode windows-amd64 compressed oops)
# Failed to write core dump. Minidumps are not enabled by default on client versions of Windows
#

---------------  T H R E A D  ---------------

Current thread (0x0000000018f82800):  JavaThread "C2 CompilerThread0" daemon [_thread_in_native, id=2788, stack(0x000000001a5d0000,0x000000001a6d0000)]

Stack: [0x000000001a5d0000,0x000000001a6d0000]
[error occurred during error reporting (printing stack bounds), id 0xc0000005]

Native frames: (J=compiled Java code, j=interpreted, Vv=VM code, C=native code)


Current CompileTask:
C2:  13876 4900       4       java.lang.invoke.MethodType::makeImpl (66 bytes)


---------------  P R O C E S S  ---------------

Java Threads: ( => current thread )
  0x000000002006e000 JavaThread "Cache worker for Build Output Cleanup Cache (D:\Studio\Postblish_APp\Application-master\.gradle\buildOutputCleanup)" [_thread_blocked, id=168, stack(0x000000002a390000,0x000000002a490000)]
  0x000000002006c800 JavaThread "jar transforms Thread 94" [_thread_blocked, id=9776, stack(0x000000002a090000,0x000000002a190000)]
  0x000000002006b000 JavaThread "jar transforms Thread 93" [_thread_blocked, id=2760, stack(0x0000000029f90000,0x000000002a090000)]
  0x000000002006d800 JavaThread "jar transforms Thread 92" [_thread_blocked, id=3772, stack(0x0000000029e90000,0x0000000029f90000)]
  0x0000000020063800 JavaThread "jar transforms Thread 91" [_thread_blocked, id=12208, stack(0x0000000029d90000,0x0000000029e90000)]
  0x000000002006a800 JavaThread "jar transforms Thread 90" [_thread_blocked, id=10172, stack(0x0000000029c90000,0x0000000029d90000)]
  0x0000000020069800 JavaThread "jar transforms Thread 89" [_thread_blocked, id=4656, stack(0x0000000029b90000,0x0000000029c90000)]
  0x0000000020062000 JavaThread "jar transforms Thread 88" [_thread_blocked, id=9924, stack(0x0000000029a90000,0x0000000029b90000)]
  0x0000000020069000 JavaThread "jar transforms Thread 87" [_thread_blocked, id=4628, stack(0x0000000029990000,0x0000000029a90000)]
  0x0000000020061800 JavaThread "jar transforms Thread 86" [_thread_blocked, id=5536, stack(0x0000000029890000,0x0000000029990000)]
  0x0000000020068000 JavaThread "jar transforms Thread 85" [_thread_blocked, id=13572, stack(0x0000000029790000,0x0000000029890000)]
  0x0000000020067800 JavaThread "jar transforms Thread 84" [_thread_blocked, id=9340, stack(0x0000000029690000,0x0000000029790000)]
  0x0000000020063000 JavaThread "jar transforms Thread 83" [_thread_blocked, id=18932, stack(0x0000000029590000,0x0000000029690000)]
  0x0000000020066000 JavaThread "jar transforms Thread 82" [_thread_blocked, id=19152, stack(0x0000000029490000,0x0000000029590000)]
  0x0000000020066800 JavaThread "jar transforms Thread 81" [_thread_blocked, id=15312, stack(0x0000000029390000,0x0000000029490000)]
  0x0000000020064800 JavaThread "jar transforms Thread 80" [_thread_blocked, id=18256, stack(0x0000000029290000,0x0000000029390000)]
  0x0000000020065000 JavaThread "jar transforms Thread 79" [_thread_blocked, id=15708, stack(0x0000000029190000,0x0000000029290000)]
  0x000000001f65b800 JavaThread "jar transforms Thread 78" [_thread_blocked, id=13884, stack(0x0000000029090000,0x0000000029190000)]
  0x000000001f65b000 JavaThread "jar transforms Thread 77" [_thread_blocked, id=16936, stack(0x0000000028f90000,0x0000000029090000)]
  0x000000001f65c800 JavaThread "jar transforms Thread 76" [_thread_blocked, id=11992, stack(0x0000000028e90000,0x0000000028f90000)]
  0x000000001f65d000 JavaThread "jar transforms Thread 75" [_thread_blocked, id=17428, stack(0x0000000028d90000,0x0000000028e90000)]
  0x000000001f65a000 JavaThread "jar transforms Thread 74" [_thread_blocked, id=1044, stack(0x0000000028c90000,0x0000000028d90000)]
  0x000000001f659800 JavaThread "jar transforms Thread 73" [_thread_blocked, id=9084, stack(0x0000000028b90000,0x0000000028c90000)]
  0x000000001f658800 JavaThread "jar transforms Thread 72" [_thread_blocked, id=16528, stack(0x0000000028a90000,0x0000000028b90000)]
  0x000000001f651000 JavaThread "jar transforms Thread 71" [_thread_blocked, id=9876, stack(0x0000000028990000,0x0000000028a90000)]
  0x000000001f658000 JavaThread "jar transforms Thread 70" [_thread_blocked, id=17900, stack(0x0000000028890000,0x0000000028990000)]
  0x000000001f657000 JavaThread "jar transforms Thread 69" [_thread_blocked, id=9904, stack(0x0000000028690000,0x0000000028790000)]
  0x000000001f656800 JavaThread "jar transforms Thread 68" [_thread_blocked, id=6516, stack(0x0000000028590000,0x0000000028690000)]
  0x000000001f64f000 JavaThread "jar transforms Thread 67" [_thread_blocked, id=11096, stack(0x0000000028490000,0x0000000028590000)]
  0x000000001f652000 JavaThread "jar transforms Thread 66" [_thread_blocked, id=5808, stack(0x0000000028390000,0x0000000028490000)]
  0x000000001f650800 JavaThread "jar transforms Thread 65" [_thread_blocked, id=16888, stack(0x0000000028290000,0x0000000028390000)]
  0x000000001f652800 JavaThread "jar transforms Thread 64" [_thread_blocked, id=17572, stack(0x0000000028190000,0x0000000028290000)]
  0x000000001f655800 JavaThread "jar transforms Thread 63" [_thread_blocked, id=6940, stack(0x0000000028090000,0x0000000028190000)]
  0x000000001f64e000 JavaThread "jar transforms Thread 62" [_thread_blocked, id=8284, stack(0x0000000027f90000,0x0000000028090000)]
  0x000000001f64f800 JavaThread "jar transforms Thread 61" [_thread_blocked, id=14196, stack(0x0000000027e90000,0x0000000027f90000)]
  0x000000001f654000 JavaThread "jar transforms Thread 60" [_thread_blocked, id=17564, stack(0x0000000027d90000,0x0000000027e90000)]
  0x000000001f653800 JavaThread "jar transforms Thread 59" [_thread_blocked, id=7516, stack(0x0000000027c90000,0x0000000027d90000)]
  0x000000001f655000 JavaThread "jar transforms Thread 58" [_thread_blocked, id=3968, stack(0x0000000027b90000,0x0000000027c90000)]
  0x000000001f432000 JavaThread "jar transforms Thread 57" [_thread_blocked, id=17108, stack(0x0000000027a90000,0x0000000027b90000)]
  0x000000001f431800 JavaThread "jar transforms Thread 56" [_thread_blocked, id=3156, stack(0x0000000027990000,0x0000000027a90000)]
  0x000000001f430800 JavaThread "jar transforms Thread 55" [_thread_blocked, id=13800, stack(0x0000000027890000,0x0000000027990000)]
  0x000000001f42f000 JavaThread "jar transforms Thread 54" [_thread_blocked, id=16184, stack(0x0000000027790000,0x0000000027890000)]
  0x000000001f430000 JavaThread "jar transforms Thread 53" [_thread_blocked, id=3436, stack(0x0000000027690000,0x0000000027790000)]
  0x000000001f42e800 JavaThread "jar transforms Thread 52" [_thread_blocked, id=18036, stack(0x0000000027590000,0x0000000027690000)]
  0x000000001f427000 JavaThread "jar transforms Thread 51" [_thread_blocked, id=16720, stack(0x0000000027490000,0x0000000027590000)]
  0x000000001f42d000 JavaThread "jar transforms Thread 50" [_thread_blocked, id=16396, stack(0x0000000027390000,0x0000000027490000)]
  0x000000001f42c000 JavaThread "jar transforms Thread 49" [_thread_blocked, id=9668, stack(0x0000000027290000,0x0000000027390000)]
  0x000000001f42a000 JavaThread "jar transforms Thread 48" [_thread_blocked, id=16160, stack(0x0000000027190000,0x0000000027290000)]
  0x000000001f42d800 JavaThread "jar transforms Thread 47" [_thread_blocked, id=2320, stack(0x0000000027090000,0x0000000027190000)]
  0x000000001f42b800 JavaThread "jar transforms Thread 46" [_thread_blocked, id=8496, stack(0x0000000026f90000,0x0000000027090000)]
  0x000000001f426000 JavaThread "jar transforms Thread 45" [_thread_blocked, id=3308, stack(0x0000000026e90000,0x0000000026f90000)]
  0x000000001f424000 JavaThread "jar transforms Thread 44" [_thread_blocked, id=8260, stack(0x0000000026d90000,0x0000000026e90000)]
  0x000000001f425800 JavaThread "jar transforms Thread 43" [_thread_blocked, id=13148, stack(0x0000000026c90000,0x0000000026d90000)]
  0x000000001f429000 JavaThread "jar transforms Thread 42" [_thread_blocked, id=6036, stack(0x0000000026b90000,0x0000000026c90000)]
  0x000000001f428800 JavaThread "jar transforms Thread 41" [_thread_blocked, id=13124, stack(0x0000000026a90000,0x0000000026b90000)]
  0x000000001f427800 JavaThread "jar transforms Thread 40" [_thread_blocked, id=7928, stack(0x0000000026990000,0x0000000026a90000)]
  0x000000001f42a800 JavaThread "jar transforms Thread 39" [_thread_blocked, id=348, stack(0x0000000026890000,0x0000000026990000)]
  0x000000001f423000 JavaThread "jar transforms Thread 38" [_thread_blocked, id=15288, stack(0x0000000026790000,0x0000000026890000)]
  0x000000001f424800 JavaThread "jar transforms Thread 37" [_thread_blocked, id=4152, stack(0x0000000026690000,0x0000000026790000)]
  0x000000001c9a6800 JavaThread "jar transforms Thread 36" [_thread_blocked, id=1684, stack(0x0000000026590000,0x0000000026690000)]
  0x000000001c9a6000 JavaThread "jar transforms Thread 35" [_thread_blocked, id=17240, stack(0x0000000026490000,0x0000000026590000)]
  0x000000001c9a5000 JavaThread "jar transforms Thread 34" [_thread_blocked, id=1696, stack(0x0000000026390000,0x0000000026490000)]
  0x000000001c9a7800 JavaThread "jar transforms Thread 33" [_thread_blocked, id=16780, stack(0x0000000026290000,0x0000000026390000)]
  0x000000001c9a4800 JavaThread "jar transforms Thread 32" [_thread_blocked, id=7680, stack(0x0000000026190000,0x0000000026290000)]
  0x000000001c9a1800 JavaThread "jar transforms Thread 31" [_thread_blocked, id=13004, stack(0x0000000026090000,0x0000000026190000)]
  0x000000001c99d000 JavaThread "jar transforms Thread 30" [_thread_blocked, id=19444, stack(0x0000000025f90000,0x0000000026090000)]
  0x000000001c9a3000 JavaThread "jar transforms Thread 29" [_thread_blocked, id=12704, stack(0x0000000025e90000,0x0000000025f90000)]
  0x000000001c9a0800 JavaThread "jar transforms Thread 28" [_thread_blocked, id=18832, stack(0x0000000025d90000,0x0000000025e90000)]
  0x000000001c9a3800 JavaThread "jar transforms Thread 27" [_thread_blocked, id=8752, stack(0x0000000025c90000,0x0000000025d90000)]
  0x000000001c99d800 JavaThread "jar transforms Thread 26" [_thread_blocked, id=17260, stack(0x0000000025b90000,0x0000000025c90000)]
  0x000000001c9a2000 JavaThread "jar transforms Thread 25" [_thread_blocked, id=17884, stack(0x0000000025a90000,0x0000000025b90000)]
  0x000000001c999000 JavaThread "jar transforms Thread 24" [_thread_blocked, id=1804, stack(0x0000000025990000,0x0000000025a90000)]
  0x000000001c99f000 JavaThread "jar transforms Thread 23" [_thread_blocked, id=17232, stack(0x0000000025890000,0x0000000025990000)]
  0x000000001c99e800 JavaThread "jar transforms Thread 22" [_thread_blocked, id=13456, stack(0x0000000025790000,0x0000000025890000)]
  0x000000001c99c000 JavaThread "jar transforms Thread 21" [_thread_blocked, id=2692, stack(0x0000000025690000,0x0000000025790000)]
  0x000000001c9a0000 JavaThread "jar transforms Thread 20" [_thread_blocked, id=15928, stack(0x0000000025590000,0x0000000025690000)]
  0x000000001c99a800 JavaThread "jar transforms Thread 19" [_thread_blocked, id=11500, stack(0x0000000025490000,0x0000000025590000)]
  0x000000001c99b800 JavaThread "jar transforms Thread 18" [_thread_blocked, id=18368, stack(0x0000000025390000,0x0000000025490000)]
  0x000000001c99a000 JavaThread "jar transforms Thread 17" [_thread_blocked, id=7240, stack(0x0000000025290000,0x0000000025390000)]
  0x000000001c998800 JavaThread "jar transforms Thread 16" [_thread_blocked, id=18116, stack(0x0000000025190000,0x0000000025290000)]
  0x000000001b6b6800 JavaThread "jar transforms Thread 15" [_thread_blocked, id=7084, stack(0x0000000025090000,0x0000000025190000)]
  0x000000001b6bc000 JavaThread "jar transforms Thread 14" [_thread_blocked, id=9540, stack(0x0000000024f90000,0x0000000025090000)]
  0x000000001b6b7800 JavaThread "jar transforms Thread 13" [_thread_blocked, id=1396, stack(0x0000000024e90000,0x0000000024f90000)]
  0x000000001b6b6000 JavaThread "jar transforms Thread 12" [_thread_blocked, id=14772, stack(0x0000000024d90000,0x0000000024e90000)]
  0x000000001b6ba800 JavaThread "jar transforms Thread 11" [_thread_blocked, id=15296, stack(0x0000000024c90000,0x0000000024d90000)]
  0x000000001b6b9800 JavaThread "jar transforms Thread 10" [_thread_blocked, id=18412, stack(0x0000000024b90000,0x0000000024c90000)]
  0x000000001b6bb000 JavaThread "jar transforms Thread 9" [_thread_blocked, id=18428, stack(0x0000000024a90000,0x0000000024b90000)]
  0x000000001b6b5000 JavaThread "jar transforms Thread 8" [_thread_blocked, id=4156, stack(0x0000000024990000,0x0000000024a90000)]
  0x000000001b6b8000 JavaThread "jar transforms Thread 7" [_thread_blocked, id=17932, stack(0x0000000024890000,0x0000000024990000)]
  0x000000001b6b9000 JavaThread "jar transforms Thread 6" [_thread_blocked, id=18704, stack(0x0000000024790000,0x0000000024890000)]
  0x000000001cfb6800 JavaThread "jar transforms Thread 5" [_thread_blocked, id=9272, stack(0x0000000024690000,0x0000000024790000)]
  0x000000001cfbd000 JavaThread "jar transforms Thread 4" [_thread_blocked, id=11700, stack(0x0000000024590000,0x0000000024690000)]
  0x000000001cfb9800 JavaThread "jar transforms Thread 3" [_thread_blocked, id=17876, stack(0x0000000024490000,0x0000000024590000)]
  0x000000001cfbc800 JavaThread "jar transforms Thread 2" [_thread_blocked, id=16476, stack(0x0000000024390000,0x0000000024490000)]
  0x000000001cfb8800 JavaThread "Build operations Thread 12" [_thread_blocked, id=18008, stack(0x0000000024290000,0x0000000024390000)]
  0x000000001cfbb800 JavaThread "Build operations Thread 11" [_thread_blocked, id=1600, stack(0x0000000024190000,0x0000000024290000)]
  0x000000001cfb8000 JavaThread "Build operations Thread 10" [_thread_blocked, id=5596, stack(0x0000000024090000,0x0000000024190000)]
  0x000000001cfb7000 JavaThread "Build operations Thread 9" [_thread_blocked, id=8204, stack(0x0000000023f90000,0x0000000024090000)]
  0x000000001cfba000 JavaThread "Build operations Thread 8" [_thread_blocked, id=14476, stack(0x0000000023e90000,0x0000000023f90000)]
  0x000000001cfbb000 JavaThread "Build operations Thread 7" [_thread_blocked, id=18060, stack(0x0000000023d90000,0x0000000023e90000)]
  0x000000001cfaf000 JavaThread "Build operations Thread 6" [_thread_blocked, id=18304, stack(0x0000000023b90000,0x0000000023c90000)]
  0x000000001cfb5800 JavaThread "Build operations Thread 5" [_thread_blocked, id=15788, stack(0x0000000023a90000,0x0000000023b90000)]
  0x000000001cfb4000 JavaThread "Build operations Thread 4" [_thread_blocked, id=15812, stack(0x0000000023990000,0x0000000023a90000)]
  0x000000001cfb3800 JavaThread "Build operations Thread 3" [_thread_blocked, id=5184, stack(0x0000000023890000,0x0000000023990000)]
  0x000000001cfb2800 JavaThread "Build operations Thread 2" [_thread_blocked, id=11224, stack(0x0000000023790000,0x0000000023890000)]
  0x000000001cfb0800 JavaThread "Build operations" [_thread_blocked, id=1264, stack(0x0000000023690000,0x0000000023790000)]
  0x0000000018fa0000 JavaThread "Cache worker for file content cache (C:\Users\admin\.gradle\caches\6.5\fileContent)" [_thread_blocked, id=17020, stack(0x0000000022f90000,0x0000000023090000)]
  0x0000000018fa2000 JavaThread "jar transforms" [_thread_blocked, id=10168, stack(0x0000000022e90000,0x0000000022f90000)]
  0x0000000018f9e800 JavaThread "Cache worker for execution history cache (C:\Users\admin\.gradle\caches\6.5\executionHistory)" [_thread_blocked, id=6324, stack(0x00000000224f0000,0x00000000225f0000)]
  0x0000000018f9d800 JavaThread "Cache worker for cache directory md-rule (C:\Users\admin\.gradle\caches\6.5\md-rule)" [_thread_blocked, id=11736, stack(0x00000000223f0000,0x00000000224f0000)]
  0x0000000018fa1800 JavaThread "Cache worker for cache directory md-supplier (C:\Users\admin\.gradle\caches\6.5\md-supplier)" [_thread_blocked, id=4116, stack(0x0000000021190000,0x0000000021290000)]
  0x0000000018f9f000 JavaThread "Cache worker for checksums cache (D:\Studio\Postblish_APp\Application-master\.gradle\checksums)" [_thread_blocked, id=6872, stack(0x0000000021090000,0x0000000021190000)]
  0x0000000018fa0800 JavaThread "Cache worker for file hash cache (D:\Studio\Postblish_APp\Application-master\.gradle\6.5\fileHashes)" [_thread_blocked, id=9332, stack(0x00000000222f0000,0x00000000223f0000)]
  0x0000000018f9d000 JavaThread "Cache worker for file hash cache (C:\Users\admin\.gradle\caches\6.5\fileHashes)" [_thread_blocked, id=5568, stack(0x000000001ebf0000,0x000000001ecf0000)]
  0x0000000018fa3800 JavaThread "File lock request listener" [_thread_in_native, id=16348, stack(0x000000001eaf0000,0x000000001ebf0000)]
  0x000000001c708800 JavaThread "Cache worker for journal cache (C:\Users\admin\.gradle\caches\journal-1)" [_thread_blocked, id=9836, stack(0x000000001e9f0000,0x000000001eaf0000)]
  0x000000001c6ad800 JavaThread "Thread-9" [_thread_blocked, id=2108, stack(0x000000001e6f0000,0x000000001e7f0000)]
  0x000000001c6ac800 JavaThread "Stdin handler" [_thread_blocked, id=19160, stack(0x000000001e5f0000,0x000000001e6f0000)]
  0x000000001c6aa000 JavaThread "Asynchronous log dispatcher for DefaultDaemonConnection: socket connection from /127.0.0.1:60315 to /127.0.0.1:60316" [_thread_blocked, id=19024, stack(0x000000001e4f0000,0x000000001e5f0000)]
  0x000000001c6c2800 JavaThread "Daemon worker" [_thread_in_vm, id=19412, stack(0x000000001e3f0000,0x000000001e4f0000)]
  0x000000001c6c1800 JavaThread "Cancel handler" [_thread_blocked, id=8140, stack(0x000000001e2f0000,0x000000001e3f0000)]
  0x000000001c68e000 JavaThread "Handler for socket connection from /127.0.0.1:60315 to /127.0.0.1:60316" [_thread_in_native, id=17188, stack(0x000000001e1f0000,0x000000001e2f0000)]
  0x000000001c68b800 JavaThread "Daemon" [_thread_blocked, id=15552, stack(0x000000001def0000,0x000000001dff0000)]
  0x000000001c633000 JavaThread "Daemon periodic checks" [_thread_blocked, id=16688, stack(0x000000001ddf0000,0x000000001def0000)]
  0x000000001c611000 JavaThread "Incoming local TCP Connector on port 60315" [_thread_in_native, id=13608, stack(0x000000001dbb0000,0x000000001dcb0000)]
  0x000000001909d800 JavaThread "Daemon health stats" [_thread_blocked, id=10200, stack(0x000000001d570000,0x000000001d670000)]
  0x0000000019013000 JavaThread "Service Thread" daemon [_thread_blocked, id=2008, stack(0x000000001a9d0000,0x000000001aad0000)]
  0x0000000018fa3000 JavaThread "C1 CompilerThread3" daemon [_thread_in_native, id=18016, stack(0x000000001a8d0000,0x000000001a9d0000)]
  0x0000000018f92800 JavaThread "C2 CompilerThread2" daemon [_thread_in_native, id=17328, stack(0x000000001a7d0000,0x000000001a8d0000)]
  0x0000000018f8c800 JavaThread "C2 CompilerThread1" daemon [_thread_in_native, id=16640, stack(0x000000001a6d0000,0x000000001a7d0000)]
=>0x0000000018f82800 JavaThread "C2 CompilerThread0" daemon [_thread_in_native, id=2788, stack(0x000000001a5d0000,0x000000001a6d0000)]
  0x0000000018f81000 JavaThread "Attach Listener" daemon [_thread_blocked, id=9588, stack(0x000000001a4d0000,0x000000001a5d0000)]
  0x0000000018f7f800 JavaThread "Signal Dispatcher" daemon [_thread_blocked, id=16772, stack(0x000000001a3d0000,0x000000001a4d0000)]
  0x0000000002639000 JavaThread "Finalizer" daemon [_thread_blocked, id=1592, stack(0x000000001a1d0000,0x000000001a2d0000)]
  0x00000000178ac800 JavaThread "Reference Handler" daemon [_thread_blocked, id=1828, stack(0x000000001a0d0000,0x000000001a1d0000)]
  0x00000000023cd800 JavaThread "main" [_thread_blocked, id=3604, stack(0x0000000002440000,0x0000000002540000)]

Other Threads:
  0x00000000178a4800 VMThread [stack: 0x0000000019fd0000,0x000000001a0d0000] [id=17224]
  0x0000000019014800 WatcherThread [stack: 0x000000001aad0000,0x000000001abd0000] [id=18324]

VM state:not at safepoint (normal execution)

VM Mutex/Monitor currently owned by a thread: None

heap address: 0x0000000080000000, size: 2048 MB, Compressed Oops mode: 32-bit
Narrow klass base: 0x0000000000000000, Narrow klass shift: 3
Compressed class space size: 1073741824 Address: 0x0000000100000000

Heap:
 PSYoungGen      total 195072K, used 176377K [0x00000000d5580000, 0x00000000e3480000, 0x0000000100000000)
  eden space 183808K, 90% used [0x00000000d5580000,0x00000000df729a30,0x00000000e0900000)
  from space 11264K, 96% used [0x00000000e2980000,0x00000000e3414bc0,0x00000000e3480000)
  to   space 14848K, 0% used [0x00000000e1780000,0x00000000e1780000,0x00000000e2600000)
 ParOldGen       total 85504K, used 17196K [0x0000000080000000, 0x0000000085380000, 0x00000000d5580000)
  object space 85504K, 20% used [0x0000000080000000,0x00000000810cb048,0x0000000085380000)
 Metaspace       used 53675K, capacity 55888K, committed 56104K, reserved 1097728K
  class space    used 7261K, capacity 7704K, committed 7728K, reserved 1048576K

Card table byte_map: [0x0000000011a00000,0x0000000011e10000] byte_map_base: 0x0000000011600000

Marking Bits: (ParMarkBitMap*) 0x0000000065bdf030
 Begin Bits: [0x0000000012ac0000, 0x0000000014ac0000)
 End Bits:   [0x0000000014ac0000, 0x0000000016ac0000)

Polling page: 0x0000000000b20000

CodeCache: size=245760Kb used=15294Kb max_used=15294Kb free=230465Kb
 bounds [0x0000000002640000, 0x0000000003540000, 0x0000000011640000]
 total_blobs=5219 nmethods=4454 adapters=677
 compilation: enabled

Compilation events (10 events):
Event: 13.797 Thread 0x0000000018f82800 4900       4       java.lang.invoke.MethodType::makeImpl (66 bytes)
Event: 13.797 Thread 0x0000000018fa3000 nmethod 4899 0x00000000035383d0 code [0x0000000003538520, 0x0000000003538630]
Event: 13.842 Thread 0x0000000018fa3000 4902       1       org.gradle.internal.ImmutableActionSet$SetWithFewActions::isEmpty (2 bytes)
Event: 13.842 Thread 0x0000000018fa3000 nmethod 4902 0x000000000353b1d0 code [0x000000000353b320, 0x000000000353b430]
Event: 13.856 Thread 0x0000000018fa3000 4903       3       org.gradle.api.internal.DefaultDomainObjectCollection::withMutationDisabled (11 bytes)
Event: 13.856 Thread 0x0000000018fa3000 nmethod 4903 0x000000000353b490 code [0x000000000353b600, 0x000000000353b8d8]
Event: 13.860 Thread 0x0000000018fa3000 4904       3       org.gradle.api.internal.provider.AbstractProperty::getDisplayName (16 bytes)
Event: 13.860 Thread 0x0000000018fa3000 nmethod 4904 0x000000000353b9d0 code [0x000000000353bb20, 0x000000000353bcd0]
Event: 13.862 Thread 0x0000000018fa3000 4905       1       com.android.build.api.artifact.impl.TypedStorageProvider::access$getPropertyAllocator$p (5 bytes)
Event: 13.862 Thread 0x0000000018fa3000 nmethod 4905 0x000000000353bd50 code [0x000000000353bea0, 0x000000000353bf90]

GC Heap History (10 events):
Event: 3.933 GC heap before
{Heap before GC invocations=6 (full 1):
 PSYoungGen      total 71680K, used 5088K [0x00000000d5580000, 0x00000000df080000, 0x0000000100000000)
  eden space 66560K, 0% used [0x00000000d5580000,0x00000000d5580000,0x00000000d9680000)
  from space 5120K, 99% used [0x00000000d9680000,0x00000000d9b78030,0x00000000d9b80000)
  to   space 12800K, 0% used [0x00000000de400000,0x00000000de400000,0x00000000df080000)
 ParOldGen       total 87552K, used 11039K [0x0000000080000000, 0x0000000085580000, 0x00000000d5580000)
  object space 87552K, 12% used [0x0000000080000000,0x0000000080ac7c68,0x0000000085580000)
 Metaspace       used 20584K, capacity 21224K, committed 21296K, reserved 1067008K
  class space    used 2876K, capacity 3076K, committed 3120K, reserved 1048576K
Event: 3.968 GC heap after
Heap after GC invocations=6 (full 1):
 PSYoungGen      total 71680K, used 0K [0x00000000d5580000, 0x00000000df080000, 0x0000000100000000)
  eden space 66560K, 0% used [0x00000000d5580000,0x00000000d5580000,0x00000000d9680000)
  from space 5120K, 0% used [0x00000000d9680000,0x00000000d9680000,0x00000000d9b80000)
  to   space 12800K, 0% used [0x00000000de400000,0x00000000de400000,0x00000000df080000)
 ParOldGen       total 54784K, used 6908K [0x0000000080000000, 0x0000000083580000, 0x00000000d5580000)
  object space 54784K, 12% used [0x0000000080000000,0x00000000806bf0e8,0x0000000083580000)
 Metaspace       used 20584K, capacity 21224K, committed 21296K, reserved 1067008K
  class space    used 2876K, capacity 3076K, committed 3120K, reserved 1048576K
}
Event: 5.174 GC heap before
{Heap before GC invocations=7 (full 1):
 PSYoungGen      total 71680K, used 66560K [0x00000000d5580000, 0x00000000df080000, 0x0000000100000000)
  eden space 66560K, 100% used [0x00000000d5580000,0x00000000d9680000,0x00000000d9680000)
  from space 5120K, 0% used [0x00000000d9680000,0x00000000d9680000,0x00000000d9b80000)
  to   space 12800K, 0% used [0x00000000de400000,0x00000000de400000,0x00000000df080000)
 ParOldGen       total 54784K, used 6908K [0x0000000080000000, 0x0000000083580000, 0x00000000d5580000)
  object space 54784K, 12% used [0x0000000080000000,0x00000000806bf0e8,0x0000000083580000)
 Metaspace       used 28662K, capacity 29540K, committed 29616K, reserved 1075200K
  class space    used 3967K, capacity 4220K, committed 4272K, reserved 1048576K
Event: 5.182 GC heap after
Heap after GC invocations=7 (full 1):
 PSYoungGen      total 125440K, used 8383K [0x00000000d5580000, 0x00000000dec80000, 0x0000000100000000)
  eden space 116736K, 0% used [0x00000000d5580000,0x00000000d5580000,0x00000000dc780000)
  from space 8704K, 96% used [0x00000000de400000,0x00000000dec2fdd8,0x00000000dec80000)
  to   space 12800K, 0% used [0x00000000dd380000,0x00000000dd380000,0x00000000de000000)
 ParOldGen       total 54784K, used 6916K [0x0000000080000000, 0x0000000083580000, 0x00000000d5580000)
  object space 54784K, 12% used [0x0000000080000000,0x00000000806c10e8,0x0000000083580000)
 Metaspace       used 28662K, capacity 29540K, committed 29616K, reserved 1075200K
  class space    used 3967K, capacity 4220K, committed 4272K, reserved 1048576K
}
Event: 6.280 GC heap before
{Heap before GC invocations=8 (full 1):
 PSYoungGen      total 125440K, used 104439K [0x00000000d5580000, 0x00000000dec80000, 0x0000000100000000)
  eden space 116736K, 82% used [0x00000000d5580000,0x00000000db34ded8,0x00000000dc780000)
  from space 8704K, 96% used [0x00000000de400000,0x00000000dec2fdd8,0x00000000dec80000)
  to   space 12800K, 0% used [0x00000000dd380000,0x00000000dd380000,0x00000000de000000)
 ParOldGen       total 54784K, used 6916K [0x0000000080000000, 0x0000000083580000, 0x00000000d5580000)
  object space 54784K, 12% used [0x0000000080000000,0x00000000806c10e8,0x0000000083580000)
 Metaspace       used 34225K, capacity 35412K, committed 35496K, reserved 1079296K
  class space    used 4707K, capacity 5001K, committed 5040K, reserved 1048576K
Event: 6.301 GC heap after
Heap after GC invocations=8 (full 1):
 PSYoungGen      total 141824K, used 11118K [0x00000000d5580000, 0x00000000e3780000, 0x0000000100000000)
  eden space 129024K, 0% used [0x00000000d5580000,0x00000000d5580000,0x00000000dd380000)
  from space 12800K, 86% used [0x00000000dd380000,0x00000000dde5b8d0,0x00000000de000000)
  to   space 14336K, 0% used [0x00000000e2980000,0x00000000e2980000,0x00000000e3780000)
 ParOldGen       total 54784K, used 6924K [0x0000000080000000, 0x0000000083580000, 0x00000000d5580000)
  object space 54784K, 12% used [0x0000000080000000,0x00000000806c30e8,0x0000000083580000)
 Metaspace       used 34225K, capacity 35412K, committed 35496K, reserved 1079296K
  class space    used 4707K, capacity 5001K, committed 5040K, reserved 1048576K
}
Event: 6.301 GC heap before
{Heap before GC invocations=9 (full 2):
 PSYoungGen      total 141824K, used 11118K [0x00000000d5580000, 0x00000000e3780000, 0x0000000100000000)
  eden space 129024K, 0% used [0x00000000d5580000,0x00000000d5580000,0x00000000dd380000)
  from space 12800K, 86% used [0x00000000dd380000,0x00000000dde5b8d0,0x00000000de000000)
  to   space 14336K, 0% used [0x00000000e2980000,0x00000000e2980000,0x00000000e3780000)
 ParOldGen       total 54784K, used 6924K [0x0000000080000000, 0x0000000083580000, 0x00000000d5580000)
  object space 54784K, 12% used [0x0000000080000000,0x00000000806c30e8,0x0000000083580000)
 Metaspace       used 34225K, capacity 35412K, committed 35496K, reserved 1079296K
  class space    used 4707K, capacity 5001K, committed 5040K, reserved 1048576K
Event: 6.408 GC heap after
Heap after GC invocations=9 (full 2):
 PSYoungGen      total 141824K, used 0K [0x00000000d5580000, 0x00000000e3780000, 0x0000000100000000)
  eden space 129024K, 0% used [0x00000000d5580000,0x00000000d5580000,0x00000000dd380000)
  from space 12800K, 0% used [0x00000000dd380000,0x00000000dd380000,0x00000000de000000)
  to   space 14336K, 0% used [0x00000000e2980000,0x00000000e2980000,0x00000000e3780000)
 ParOldGen       total 85504K, used 17188K [0x0000000080000000, 0x0000000085380000, 0x00000000d5580000)
  object space 85504K, 20% used [0x0000000080000000,0x00000000810c9048,0x0000000085380000)
 Metaspace       used 34225K, capacity 35412K, committed 35496K, reserved 1079296K
  class space    used 4707K, capacity 5001K, committed 5040K, reserved 1048576K
}
Event: 11.232 GC heap before
{Heap before GC invocations=10 (full 2):
 PSYoungGen      total 141824K, used 129024K [0x00000000d5580000, 0x00000000e3780000, 0x0000000100000000)
  eden space 129024K, 100% used [0x00000000d5580000,0x00000000dd380000,0x00000000dd380000)
  from space 12800K, 0% used [0x00000000dd380000,0x00000000dd380000,0x00000000de000000)
  to   space 14336K, 0% used [0x00000000e2980000,0x00000000e2980000,0x00000000e3780000)
 ParOldGen       total 85504K, used 17188K [0x0000000080000000, 0x0000000085380000, 0x00000000d5580000)
  object space 85504K, 20% used [0x0000000080000000,0x00000000810c9048,0x0000000085380000)
 Metaspace       used 39774K, capacity 41634K, committed 41768K, reserved 1085440K
  class space    used 5485K, capacity 5866K, committed 5936K, reserved 1048576K
Event: 11.247 GC heap after
Heap after GC invocations=10 (full 2):
 PSYoungGen      total 195072K, used 10834K [0x00000000d5580000, 0x00000000e3480000, 0x0000000100000000)
  eden space 183808K, 0% used [0x00000000d5580000,0x00000000d5580000,0x00000000e0900000)
  from space 11264K, 96% used [0x00000000e2980000,0x00000000e3414bc0,0x00000000e3480000)
  to   space 14848K, 0% used [0x00000000e1780000,0x00000000e1780000,0x00000000e2600000)
 ParOldGen       total 85504K, used 17196K [0x0000000080000000, 0x0000000085380000, 0x00000000d5580000)
  object space 85504K, 20% used [0x0000000080000000,0x00000000810cb048,0x0000000085380000)
 Metaspace       used 39774K, capacity 41634K, committed 41768K, reserved 1085440K
  class space    used 5485K, capacity 5866K, committed 5936K, reserved 1048576K
}

Deoptimization events (10 events):
Event: 13.044 Thread 0x000000001c6c2800 Uncommon trap: reason=unstable_if action=reinterpret pc=0x00000000032dea7c method=org.codehaus.groovy.runtime.metaclass.MetaMethodIndex.isNonRealMethod(Lgroovy/lang/MetaMethod;)Z @ 4
Event: 13.044 Thread 0x000000001c6c2800 Uncommon trap: reason=unstable_if action=reinterpret pc=0x00000000030f7e14 method=groovy.lang.MetaClassImpl$1MOPIter.methodNameAction(Ljava/lang/Class;Lorg/codehaus/groovy/runtime/metaclass/MetaMethodIndex$Entry;)V @ 182
Event: 13.058 Thread 0x000000001c6c2800 Uncommon trap: reason=class_check action=maybe_recompile pc=0x0000000002d934ec method=java.util.WeakHashMap.eq(Ljava/lang/Object;Ljava/lang/Object;)Z @ 7
Event: 13.059 Thread 0x000000001c6c2800 Uncommon trap: reason=unstable_if action=reinterpret pc=0x0000000002dec61c method=java.lang.ClassLoader.checkCerts(Ljava/lang/String;Ljava/security/CodeSource;)V @ 29
Event: 13.066 Thread 0x000000001c6c2800 Uncommon trap: reason=class_check action=maybe_recompile pc=0x0000000002d934ec method=java.util.WeakHashMap.eq(Ljava/lang/Object;Ljava/lang/Object;)Z @ 7
Event: 13.132 Thread 0x000000001c6c2800 Uncommon trap: reason=null_check action=make_not_entrant pc=0x0000000002de771c method=java.lang.Class.searchMethods([Ljava/lang/reflect/Method;Ljava/lang/String;[Ljava/lang/Class;)Ljava/lang/reflect/Method; @ 59
Event: 13.192 Thread 0x000000001c6c2800 Uncommon trap: reason=class_check action=maybe_recompile pc=0x0000000002d934ec method=java.util.WeakHashMap.eq(Ljava/lang/Object;Ljava/lang/Object;)Z @ 7
Event: 13.299 Thread 0x000000001c6c2800 Uncommon trap: reason=class_check action=maybe_recompile pc=0x0000000002822980 method=java.lang.Throwable.<init>(Ljava/lang/String;Ljava/lang/Throwable;)V @ 24
Event: 13.305 Thread 0x000000001c6c2800 Uncommon trap: reason=unstable_if action=reinterpret pc=0x0000000002a8da40 method=org.gradle.internal.logging.text.AbstractLineChoppingStyledTextOutput$2.execute(Lorg/gradle/internal/logging/text/AbstractLineChoppingStyledTextOutput$StateContext;)V @ 30
Event: 13.305 Thread 0x000000001c6c2800 Uncommon trap: reason=unstable_if action=reinterpret pc=0x0000000002a6c84c method=org.gradle.internal.logging.text.AbstractLineChoppingStyledTextOutput$2.execute(Lorg/gradle/internal/logging/text/AbstractLineChoppingStyledTextOutput$StateContext;)V @ 30

Classes redefined (0 events):
No events

Internal exceptions (10 events):
Event: 13.249 Thread 0x000000001c6c2800 Exception <a 'java/lang/ClassNotFoundException': com/android/build/gradle/internal/CompileOptionsCustomizer> (0x00000000dd807bd8) thrown at [C:\src\AOSP-openjdk-git\hotspot\src\share\vm\classfile\systemDictionary.cpp, line 210]
Event: 13.251 Thread 0x000000001c6c2800 Exception <a 'java/lang/ClassNotFoundException': com/android/build/gradle/internal/CompileOptions_DecoratedCustomizer> (0x00000000dd838fd8) thrown at [C:\src\AOSP-openjdk-git\hotspot\src\share\vm\classfile\systemDictionary.cpp, line 210]
Event: 13.274 Thread 0x000000001c6c2800 Exception <a 'java/lang/ClassNotFoundException': org/gradle/api/internal/file/collections/DefaultConfigurableFileTreeBeanInfo> (0x00000000dda36790) thrown at [C:\src\AOSP-openjdk-git\hotspot\src\share\vm\classfile\systemDictionary.cpp, line 210]
Event: 13.275 Thread 0x000000001c6c2800 Exception <a 'java/lang/ClassNotFoundException': org/gradle/api/internal/file/CompositeFileTreeBeanInfo> (0x00000000dda6fe38) thrown at [C:\src\AOSP-openjdk-git\hotspot\src\share\vm\classfile\systemDictionary.cpp, line 210]
Event: 13.276 Thread 0x000000001c6c2800 Exception <a 'java/lang/ClassNotFoundException': org/gradle/api/internal/file/CompositeFileCollectionBeanInfo> (0x00000000ddaadbb8) thrown at [C:\src\AOSP-openjdk-git\hotspot\src\share\vm\classfile\systemDictionary.cpp, line 210]
Event: 13.276 Thread 0x000000001c6c2800 Exception <a 'java/lang/ClassNotFoundException': org/gradle/api/internal/file/AbstractFileCollectionBeanInfo> (0x00000000ddaeb8a8) thrown at [C:\src\AOSP-openjdk-git\hotspot\src\share\vm\classfile\systemDictionary.cpp, line 210]
Event: 13.277 Thread 0x000000001c6c2800 Exception <a 'java/lang/ClassNotFoundException': org/gradle/api/internal/file/AbstractFileCollectionCustomizer> (0x00000000ddb2a3f8) thrown at [C:\src\AOSP-openjdk-git\hotspot\src\share\vm\classfile\systemDictionary.cpp, line 210]
Event: 13.278 Thread 0x000000001c6c2800 Exception <a 'java/lang/ClassNotFoundException': org/gradle/api/internal/file/CompositeFileCollectionCustomizer> (0x00000000ddb7a4f8) thrown at [C:\src\AOSP-openjdk-git\hotspot\src\share\vm\classfile\systemDictionary.cpp, line 210]
Event: 13.279 Thread 0x000000001c6c2800 Exception <a 'java/lang/ClassNotFoundException': org/gradle/api/internal/file/CompositeFileTreeCustomizer> (0x00000000ddbc1a10) thrown at [C:\src\AOSP-openjdk-git\hotspot\src\share\vm\classfile\systemDictionary.cpp, line 210]
Event: 13.280 Thread 0x000000001c6c2800 Exception <a 'java/lang/ClassNotFoundException': org/gradle/api/internal/file/collections/DefaultConfigurableFileTreeCustomizer> (0x00000000ddc17cd0) thrown at [C:\src\AOSP-openjdk-git\hotspot\src\share\vm\classfile\systemDictionary.cpp, line 210]

Events (10 events):
Event: 13.861 loading class com/android/build/gradle/internal/tasks/CheckDuplicateClassesTask$CreationAction$handleProvider$1
Event: 13.861 loading class com/android/build/gradle/internal/tasks/CheckDuplicateClassesTask$CreationAction$handleProvider$1 done
Event: 13.861 loading class com/android/build/gradle/internal/scope/InternalArtifactType$DUPLICATE_CLASSES_CHECK
Event: 13.861 loading class com/android/build/gradle/internal/scope/InternalArtifactType$DUPLICATE_CLASSES_CHECK done
Event: 13.862 loading class com/android/build/gradle/internal/tasks/DexArchiveBuilderTask$CreationAction$classesFilter$1
Event: 13.862 loading class com/android/build/gradle/internal/tasks/DexArchiveBuilderTask$CreationAction$classesFilter$1 done
Event: 13.862 loading class com/android/build/gradle/internal/pipeline/StreamFilter
Event: 13.862 loading class com/android/build/gradle/internal/pipeline/StreamFilter done
Event: 13.863 loading class com/android/build/gradle/internal/tasks/DexArchiveBuilderTask$CreationAction$1
Event: 13.863 loading class com/android/build/gradle/internal/tasks/DexArchiveBuilderTask$CreationAction$1 done


Dynamic libraries:
0x00007ff72ffc0000 - 0x00007ff72fff1000 	D:\Code Java1\jre\bin\java.exe
0x00007fff0ada0000 - 0x00007fff0af90000 	C:\WINDOWS\SYSTEM32\ntdll.dll
0x00007fff0a790000 - 0x00007fff0a842000 	C:\WINDOWS\System32\KERNEL32.DLL
0x00007fff08780000 - 0x00007fff08a25000 	C:\WINDOWS\System32\KERNELBASE.dll
0x00007fff08ef0000 - 0x00007fff08f93000 	C:\WINDOWS\System32\ADVAPI32.dll
0x00007fff0aa20000 - 0x00007fff0aabe000 	C:\WINDOWS\System32\msvcrt.dll
0x00007fff0a980000 - 0x00007fff0aa17000 	C:\WINDOWS\System32\sechost.dll
0x00007fff0a850000 - 0x00007fff0a970000 	C:\WINDOWS\System32\RPCRT4.dll
0x00007fff09ba0000 - 0x00007fff09d34000 	C:\WINDOWS\System32\USER32.dll
0x00007fff08ae0000 - 0x00007fff08b01000 	C:\WINDOWS\System32\win32u.dll
0x00007fff090c0000 - 0x00007fff090e6000 	C:\WINDOWS\System32\GDI32.dll
0x00007fff08c00000 - 0x00007fff08d96000 	C:\WINDOWS\System32\gdi32full.dll
0x00007fff08b60000 - 0x00007fff08bfe000 	C:\WINDOWS\System32\msvcp_win.dll
0x00007fff085f0000 - 0x00007fff086ea000 	C:\WINDOWS\System32\ucrtbase.dll
0x00007ffef4cd0000 - 0x00007ffef4f54000 	C:\WINDOWS\WinSxS\amd64_microsoft.windows.common-controls_6595b64144ccf1df_6.0.18362.1256_none_9e7e379be45e40e2\COMCTL32.dll
0x00007fff097e0000 - 0x00007fff09b16000 	C:\WINDOWS\System32\combase.dll
0x00007fff086f0000 - 0x00007fff08771000 	C:\WINDOWS\System32\bcryptPrimitives.dll
0x00007fff08eb0000 - 0x00007fff08ede000 	C:\WINDOWS\System32\IMM32.DLL
0x0000000065330000 - 0x0000000065402000 	D:\Code Java1\jre\jre\bin\msvcr100.dll
0x0000000065410000 - 0x0000000065c5b000 	D:\Code Java1\jre\jre\bin\server\jvm.dll
0x00007fff09000000 - 0x00007fff09008000 	C:\WINDOWS\System32\PSAPI.DLL
0x00007ffeff730000 - 0x00007ffeff739000 	C:\WINDOWS\SYSTEM32\WSOCK32.dll
0x00007fff055c0000 - 0x00007fff055e4000 	C:\WINDOWS\SYSTEM32\WINMM.dll
0x00007fff00380000 - 0x00007fff0038a000 	C:\WINDOWS\SYSTEM32\VERSION.dll
0x00007fff09de0000 - 0x00007fff09e4f000 	C:\WINDOWS\System32\WS2_32.dll
0x00007fff05140000 - 0x00007fff0516d000 	C:\WINDOWS\SYSTEM32\WINMMBASE.dll
0x00007fff08e00000 - 0x00007fff08e4a000 	C:\WINDOWS\System32\cfgmgr32.dll
0x00007ffeff530000 - 0x00007ffeff53f000 	D:\Code Java1\jre\jre\bin\verify.dll
0x00007ffee31f0000 - 0x00007ffee3219000 	D:\Code Java1\jre\jre\bin\java.dll
0x00007ffee31d0000 - 0x00007ffee31e6000 	D:\Code Java1\jre\jre\bin\zip.dll
0x00007fff090f0000 - 0x00007fff097d7000 	C:\WINDOWS\System32\SHELL32.dll
0x00007fff0a390000 - 0x00007fff0a439000 	C:\WINDOWS\System32\shcore.dll
0x00007fff07e60000 - 0x00007fff085e1000 	C:\WINDOWS\System32\windows.storage.dll
0x00007fff07c70000 - 0x00007fff07c93000 	C:\WINDOWS\System32\profapi.dll
0x00007fff07ca0000 - 0x00007fff07cea000 	C:\WINDOWS\System32\powrprof.dll
0x00007fff07c40000 - 0x00007fff07c50000 	C:\WINDOWS\System32\UMPDC.dll
0x00007fff08fa0000 - 0x00007fff08ff2000 	C:\WINDOWS\System32\shlwapi.dll
0x00007fff07cf0000 - 0x00007fff07d01000 	C:\WINDOWS\System32\kernel.appcore.dll
0x00007fff08b40000 - 0x00007fff08b57000 	C:\WINDOWS\System32\cryptsp.dll
0x00007ffee2ec0000 - 0x00007ffee2eda000 	D:\Code Java1\jre\jre\bin\net.dll
0x00007fff07450000 - 0x00007fff074b7000 	C:\WINDOWS\system32\mswsock.dll
0x00007ffee2cb0000 - 0x00007ffee2cc3000 	D:\Code Java1\jre\jre\bin\nio.dll
0x00007ffed8450000 - 0x00007ffed8477000 	C:\Users\admin\.gradle\native\f6784746aeab05261644944871eae4fe03e0ef1612fff0a4a95f87b438bc6780\windows-amd64\native-platform.dll
0x00007ffeff4a0000 - 0x00007ffeff4ad000 	D:\Code Java1\jre\jre\bin\management.dll
0x00007fff06fc0000 - 0x00007fff06ff3000 	C:\WINDOWS\system32\rsaenh.dll
0x00007fff08b10000 - 0x00007fff08b36000 	C:\WINDOWS\System32\bcrypt.dll
0x00007fff07b60000 - 0x00007fff07b85000 	C:\WINDOWS\SYSTEM32\USERENV.dll
0x00007fff07600000 - 0x00007fff0760c000 	C:\WINDOWS\SYSTEM32\CRYPTBASE.dll
0x00007fff07160000 - 0x00007fff0719a000 	C:\WINDOWS\SYSTEM32\IPHLPAPI.DLL
0x00007fff0a970000 - 0x00007fff0a978000 	C:\WINDOWS\System32\NSI.dll
0x00007ffefe0b0000 - 0x00007ffefe0c6000 	C:\WINDOWS\SYSTEM32\dhcpcsvc6.DLL
0x00007ffefe070000 - 0x00007ffefe08c000 	C:\WINDOWS\SYSTEM32\dhcpcsvc.DLL
0x00007fff071b0000 - 0x00007fff0727b000 	C:\WINDOWS\SYSTEM32\DNSAPI.dll
0x00007ffefe0d0000 - 0x00007ffefe0db000 	C:\WINDOWS\SYSTEM32\WINNSI.DLL

VM Arguments:
jvm_args: -Xmx2048m -Dfile.encoding=windows-1252 -Duser.country=GB -Duser.language=en -Duser.variant 
java_command: org.gradle.launcher.daemon.bootstrap.GradleDaemon 6.5
java_class_path (initial): C:\Users\admin\.gradle\wrapper\dists\gradle-6.5-all\2oz4ud9k3tuxjg84bbf55q0tn\gradle-6.5\lib\gradle-launcher-6.5.jar
Launcher Type: SUN_STANDARD

Environment Variables:
JAVA_HOME=C:\Program Files\Java\jdk-13.0.2
PATH=C:\Windows\system32;C:\Windows;C:\Windows\System32\Wbem;C:\Windows\System32\WindowsPowerShell\v1.0\;C:\Windows\System32\OpenSSH\;C:\Program Files (x86)\NVIDIA Corporation\PhysX\Common;C:\Program Files\NVIDIA Corporation\NVIDIA NGX;C:\Program Files\NVIDIA Corporation\NVIDIA NvDLISR;C:\Program Files\Java\jdk-13.0.2\bin;C:\WINDOWS\system32;C:\WINDOWS;C:\WINDOWS\System32\Wbem;C:\WINDOWS\System32\WindowsPowerShell\v1.0\;C:\WINDOWS\System32\OpenSSH\;C:\Program Files\Git\cmd;C:\Program Files\Docker\Docker\resources\bin;C:\ProgramData\DockerDesktop\version-bin;C:\Users\admin\AppData\Local\Microsoft\WindowsApps;C:\Users\admin\AppData\Local\GitHubDesktop\bin
USERNAME=admin
OS=Windows_NT
PROCESSOR_IDENTIFIER=Intel64 Family 6 Model 158 Stepping 10, GenuineIntel



---------------  S Y S T E M  ---------------

OS: Windows 10.0 , 64 bit Build 18362 (10.0.18362.1110)

CPU:total 12 (initial active 12) (6 cores per cpu, 2 threads per core) family 6 model 158 stepping 10, cmov, cx8, fxsr, mmx, sse, sse2, sse3, ssse3, sse4.1, sse4.2, popcnt, avx, avx2, aes, clmul, erms, 3dnowpref, lzcnt, ht, tsc, tscinvbit, bmi1, bmi2, adx

Memory: 4k page, physical 8264948k(378552k free), swap 20847860k(5040k free)

vm_info: OpenJDK 64-Bit Server VM (25.242-b01) for windows-amd64 JRE (1.8.0_242-release-1644-b01), built by "builder" with MS VC++ 10.0 (VS2010)

time: Sun Dec 13 22:08:36 2020
timezone: SE Asia Standard Time
elapsed time: 13 seconds (0d 0h 0m 13s)

