#
# There is insufficient memory for the Java Runtime Environment to continue.
# Native memory allocation (malloc) failed to allocate 1312576 bytes for Chunk::new
# Possible reasons:
#   The system is out of physical RAM or swap space
#   The process is running with CompressedOops enabled, and the Java Heap may be blocking the growth of the native heap
# Possible solutions:
#   Reduce memory load on the system
#   Increase physical memory or swap space
#   Check if swap backing store is full
#   Decrease Java heap size (-Xmx/-Xms)
#   Decrease number of Java threads
#   Decrease Java thread stack sizes (-Xss)
#   Set larger code cache with -XX:ReservedCodeCacheSize=
#   JVM is running with Unscaled Compressed Oops mode in which the Java heap is
#     placed in the first 4GB address space. The Java Heap base address is the
#     maximum limit for the native heap growth. Please use -XX:HeapBaseMinAddress
#     to set the Java Heap base and to place the Java Heap above 4GB virtual address.
# This output file may be truncated or incomplete.
#
#  Out of Memory Error (allocation.cpp:389), pid=10308, tid=0x0000000000001fe8
#
# JRE version: OpenJDK Runtime Environment (8.0_242-b01) (build 1.8.0_242-release-1644-b01)
# Java VM: OpenJDK 64-Bit Server VM (25.242-b01 mixed mode windows-amd64 compressed oops)
# Failed to write core dump. Minidumps are not enabled by default on client versions of Windows
#

---------------  T H R E A D  ---------------

Current thread (0x0000000019461000):  JavaThread "C2 CompilerThread2" daemon [_thread_in_native, id=8168, stack(0x000000001aca0000,0x000000001ada0000)]

Stack: [0x000000001aca0000,0x000000001ada0000]
[error occurred during error reporting (printing stack bounds), id 0xc0000005]

Native frames: (J=compiled Java code, j=interpreted, Vv=VM code, C=native code)


Current CompileTask:
C2:   5044 2687       4       groovy.lang.MetaClassImpl$1MOPIter::methodNameAction (325 bytes)


---------------  P R O C E S S  ---------------

Java Threads: ( => current thread )
  0x000000001cd06800 JavaThread "Cache worker for file content cache (C:\Users\admin\.gradle\caches\6.5\fileContent)" [_thread_blocked, id=14712, stack(0x0000000023410000,0x0000000023510000)]
  0x000000001cd05800 JavaThread "jar transforms" [_thread_blocked, id=4888, stack(0x0000000023310000,0x0000000023410000)]
  0x000000001cd09000 JavaThread "Cache worker for execution history cache (C:\Users\admin\.gradle\caches\6.5\executionHistory)" [_thread_blocked, id=4028, stack(0x0000000022c10000,0x0000000022d10000)]
  0x000000001cd08000 JavaThread "Cache worker for cache directory md-rule (C:\Users\admin\.gradle\caches\6.5\md-rule)" [_thread_blocked, id=11188, stack(0x0000000022b10000,0x0000000022c10000)]
  0x000000001cd09800 JavaThread "Cache worker for cache directory md-supplier (C:\Users\admin\.gradle\caches\6.5\md-supplier)" [_thread_blocked, id=2312, stack(0x00000000217c0000,0x00000000218c0000)]
  0x000000001cd05000 JavaThread "Cache worker for checksums cache (D:\Studio\Postblish_APp\Application-master\.gradle\checksums)" [_thread_blocked, id=4524, stack(0x00000000216c0000,0x00000000217c0000)]
  0x000000001cd04000 JavaThread "Cache worker for file hash cache (D:\Studio\Postblish_APp\Application-master\.gradle\6.5\fileHashes)" [_thread_blocked, id=16532, stack(0x000000001f1c0000,0x000000001f2c0000)]
  0x000000001cd0b000 JavaThread "Cache worker for file hash cache (C:\Users\admin\.gradle\caches\6.5\fileHashes)" [_thread_blocked, id=10592, stack(0x000000001f0c0000,0x000000001f1c0000)]
  0x000000001cd07000 JavaThread "File lock request listener" [_thread_in_native, id=13668, stack(0x000000001efc0000,0x000000001f0c0000)]
  0x000000001bcc7800 JavaThread "Cache worker for journal cache (C:\Users\admin\.gradle\caches\journal-1)" [_thread_blocked, id=2824, stack(0x000000001eec0000,0x000000001efc0000)]
  0x000000001cbf1800 JavaThread "Thread-9" [_thread_blocked, id=2600, stack(0x000000001ebc0000,0x000000001ecc0000)]
  0x000000001cbd8000 JavaThread "Stdin handler" [_thread_blocked, id=2364, stack(0x000000001eac0000,0x000000001ebc0000)]
  0x000000001cbd4000 JavaThread "Asynchronous log dispatcher for DefaultDaemonConnection: socket connection from /127.0.0.1:60508 to /127.0.0.1:60509" [_thread_blocked, id=12928, stack(0x000000001e9c0000,0x000000001eac0000)]
  0x000000001cbd1800 JavaThread "Daemon worker" [_thread_in_Java, id=16808, stack(0x000000001e8c0000,0x000000001e9c0000)]
  0x000000001cbd0800 JavaThread "Cancel handler" [_thread_blocked, id=17204, stack(0x000000001e7c0000,0x000000001e8c0000)]
  0x000000001cb6e000 JavaThread "Handler for socket connection from /127.0.0.1:60508 to /127.0.0.1:60509" [_thread_in_native, id=5892, stack(0x000000001e6c0000,0x000000001e7c0000)]
  0x000000001cb6d000 JavaThread "Daemon" [_thread_blocked, id=18960, stack(0x000000001e3c0000,0x000000001e4c0000)]
  0x000000001cb35800 JavaThread "Daemon periodic checks" [_thread_blocked, id=18252, stack(0x000000001e2c0000,0x000000001e3c0000)]
  0x000000001cb89800 JavaThread "Incoming local TCP Connector on port 60508" [_thread_in_native, id=4060, stack(0x000000001e080000,0x000000001e180000)]
  0x000000001caa3800 JavaThread "Daemon health stats" [_thread_blocked, id=19252, stack(0x000000001da40000,0x000000001db40000)]
  0x00000000194f1000 JavaThread "Service Thread" daemon [_thread_blocked, id=4344, stack(0x000000001aea0000,0x000000001afa0000)]
  0x0000000019466000 JavaThread "C1 CompilerThread3" daemon [_thread_in_native, id=10460, stack(0x000000001ada0000,0x000000001aea0000)]
=>0x0000000019461000 JavaThread "C2 CompilerThread2" daemon [_thread_in_native, id=8168, stack(0x000000001aca0000,0x000000001ada0000)]
  0x000000001945c000 JavaThread "C2 CompilerThread1" daemon [_thread_blocked, id=18024, stack(0x000000001aba0000,0x000000001aca0000)]
  0x0000000019455000 JavaThread "C2 CompilerThread0" daemon [_thread_blocked, id=11164, stack(0x000000001aaa0000,0x000000001aba0000)]
  0x0000000019453800 JavaThread "Attach Listener" daemon [_thread_blocked, id=7080, stack(0x000000001a9a0000,0x000000001aaa0000)]
  0x0000000019452800 JavaThread "Signal Dispatcher" daemon [_thread_blocked, id=17084, stack(0x000000001a8a0000,0x000000001a9a0000)]
  0x0000000002b0d000 JavaThread "Finalizer" daemon [_thread_blocked, id=17516, stack(0x000000001a6a0000,0x000000001a7a0000)]
  0x0000000017d7c800 JavaThread "Reference Handler" daemon [_thread_blocked, id=8396, stack(0x000000001a5a0000,0x000000001a6a0000)]
  0x000000000100d800 JavaThread "main" [_thread_blocked, id=3660, stack(0x0000000002910000,0x0000000002a10000)]

Other Threads:
  0x0000000017d74800 VMThread [stack: 0x000000001a4a0000,0x000000001a5a0000] [id=17420]
  0x00000000194f2000 WatcherThread [stack: 0x000000001afa0000,0x000000001b0a0000] [id=1712]

VM state:not at safepoint (normal execution)

VM Mutex/Monitor currently owned by a thread: None

heap address: 0x0000000080000000, size: 2048 MB, Compressed Oops mode: 32-bit
Narrow klass base: 0x0000000000000000, Narrow klass shift: 3
Compressed class space size: 1073741824 Address: 0x0000000100000000

Heap:
 PSYoungGen      total 139776K, used 27391K [0x00000000d5580000, 0x00000000e2f80000, 0x0000000100000000)
  eden space 128512K, 21% used [0x00000000d5580000,0x00000000d703fe80,0x00000000dd300000)
  from space 11264K, 0% used [0x00000000dd300000,0x00000000dd300000,0x00000000dde00000)
  to   space 12800K, 0% used [0x00000000e2300000,0x00000000e2300000,0x00000000e2f80000)
 ParOldGen       total 46080K, used 17309K [0x0000000080000000, 0x0000000082d00000, 0x00000000d5580000)
  object space 46080K, 37% used [0x0000000080000000,0x00000000810e76d0,0x0000000082d00000)
 Metaspace       used 35545K, capacity 36786K, committed 37032K, reserved 1081344K
  class space    used 4890K, capacity 5170K, committed 5296K, reserved 1048576K

Card table byte_map: [0x0000000011ed0000,0x00000000122e0000] byte_map_base: 0x0000000011ad0000

Marking Bits: (ParMarkBitMap*) 0x0000000065bdf030
 Begin Bits: [0x0000000012f90000, 0x0000000014f90000)
 End Bits:   [0x0000000014f90000, 0x0000000016f90000)

Polling page: 0x00000000007e0000

CodeCache: size=245760Kb used=10839Kb max_used=10839Kb free=234920Kb
 bounds [0x0000000002b10000, 0x00000000035b0000, 0x0000000011b10000]
 total_blobs=3603 nmethods=2904 adapters=612
 compilation: enabled

Compilation events (10 events):
Event: 4.939 Thread 0x0000000019466000 nmethod 2755 0x000000000355ce50 code [0x000000000355cfa0, 0x000000000355d1f0]
Event: 4.941 Thread 0x0000000019466000 2756       1       java.util.regex.Pattern::flags (5 bytes)
Event: 4.941 Thread 0x0000000019466000 nmethod 2756 0x000000000355cb90 code [0x000000000355cce0, 0x000000000355cdf0]
Event: 4.941 Thread 0x0000000019466000 2757       3       java.util.regex.Pattern::range (279 bytes)
Event: 4.945 Thread 0x0000000019466000 nmethod 2757 0x0000000003560090 code [0x0000000003560540, 0x0000000003562de8]
Event: 4.953 Thread 0x0000000019455000 nmethod 2743 0x0000000003567890 code [0x0000000003567aa0, 0x0000000003569628]
Event: 4.953 Thread 0x0000000019466000 2758       3       java.lang.Long::valueOf (36 bytes)
Event: 4.954 Thread 0x0000000019466000 nmethod 2758 0x000000000355c4d0 code [0x000000000355c640, 0x000000000355c9b0]
Event: 4.954 Thread 0x000000001945c000 nmethod 2745 0x0000000003565090 code [0x0000000003565200, 0x0000000003565e58]
Event: 4.954 Thread 0x0000000019455000 2759   !   4       sun.misc.Resource::getBytes (242 bytes)

GC Heap History (10 events):
Event: 3.425 GC heap before
{Heap before GC invocations=7 (full 0):
 PSYoungGen      total 76288K, used 10754K [0x00000000d5580000, 0x00000000dab80000, 0x0000000100000000)
  eden space 66048K, 3% used [0x00000000d5580000,0x00000000d579aa80,0x00000000d9600000)
  from space 10240K, 83% used [0x00000000da080000,0x00000000da8e5f50,0x00000000daa80000)
  to   space 10752K, 0% used [0x00000000d9600000,0x00000000d9600000,0x00000000da080000)
 ParOldGen       total 87552K, used 6875K [0x0000000080000000, 0x0000000085580000, 0x00000000d5580000)
  object space 87552K, 7% used [0x0000000080000000,0x00000000806b6df0,0x0000000085580000)
 Metaspace       used 20587K, capacity 21224K, committed 21296K, reserved 1067008K
  class space    used 2876K, capacity 3076K, committed 3120K, reserved 1048576K
Event: 3.433 GC heap after
Heap after GC invocations=7 (full 0):
 PSYoungGen      total 76800K, used 3876K [0x00000000d5580000, 0x00000000deb80000, 0x0000000100000000)
  eden space 66048K, 0% used [0x00000000d5580000,0x00000000d5580000,0x00000000d9600000)
  from space 10752K, 36% used [0x00000000d9600000,0x00000000d99c9050,0x00000000da080000)
  to   space 10752K, 0% used [0x00000000de100000,0x00000000de100000,0x00000000deb80000)
 ParOldGen       total 87552K, used 9115K [0x0000000080000000, 0x0000000085580000, 0x00000000d5580000)
  object space 87552K, 10% used [0x0000000080000000,0x00000000808e6e60,0x0000000085580000)
 Metaspace       used 20587K, capacity 21224K, committed 21296K, reserved 1067008K
  class space    used 2876K, capacity 3076K, committed 3120K, reserved 1048576K
}
Event: 3.433 GC heap before
{Heap before GC invocations=8 (full 1):
 PSYoungGen      total 76800K, used 3876K [0x00000000d5580000, 0x00000000deb80000, 0x0000000100000000)
  eden space 66048K, 0% used [0x00000000d5580000,0x00000000d5580000,0x00000000d9600000)
  from space 10752K, 36% used [0x00000000d9600000,0x00000000d99c9050,0x00000000da080000)
  to   space 10752K, 0% used [0x00000000de100000,0x00000000de100000,0x00000000deb80000)
 ParOldGen       total 87552K, used 9115K [0x0000000080000000, 0x0000000085580000, 0x00000000d5580000)
  object space 87552K, 10% used [0x0000000080000000,0x00000000808e6e60,0x0000000085580000)
 Metaspace       used 20587K, capacity 21224K, committed 21296K, reserved 1067008K
  class space    used 2876K, capacity 3076K, committed 3120K, reserved 1048576K
Event: 3.463 GC heap after
Heap after GC invocations=8 (full 1):
 PSYoungGen      total 76800K, used 0K [0x00000000d5580000, 0x00000000deb80000, 0x0000000100000000)
  eden space 66048K, 0% used [0x00000000d5580000,0x00000000d5580000,0x00000000d9600000)
  from space 10752K, 0% used [0x00000000d9600000,0x00000000d9600000,0x00000000da080000)
  to   space 10752K, 0% used [0x00000000de100000,0x00000000de100000,0x00000000deb80000)
 ParOldGen       total 46080K, used 6660K [0x0000000080000000, 0x0000000082d00000, 0x00000000d5580000)
  object space 46080K, 14% used [0x0000000080000000,0x00000000806810e8,0x0000000082d00000)
 Metaspace       used 20587K, capacity 21224K, committed 21296K, reserved 1067008K
  class space    used 2876K, capacity 3076K, committed 3120K, reserved 1048576K
}
Event: 4.012 GC heap before
{Heap before GC invocations=9 (full 1):
 PSYoungGen      total 76800K, used 66048K [0x00000000d5580000, 0x00000000deb80000, 0x0000000100000000)
  eden space 66048K, 100% used [0x00000000d5580000,0x00000000d9600000,0x00000000d9600000)
  from space 10752K, 0% used [0x00000000d9600000,0x00000000d9600000,0x00000000da080000)
  to   space 10752K, 0% used [0x00000000de100000,0x00000000de100000,0x00000000deb80000)
 ParOldGen       total 46080K, used 6660K [0x0000000080000000, 0x0000000082d00000, 0x00000000d5580000)
  object space 46080K, 14% used [0x0000000080000000,0x00000000806810e8,0x0000000082d00000)
 Metaspace       used 28503K, capacity 29374K, committed 29616K, reserved 1075200K
  class space    used 3948K, capacity 4187K, committed 4272K, reserved 1048576K
Event: 4.020 GC heap after
Heap after GC invocations=9 (full 1):
 PSYoungGen      total 135680K, used 8179K [0x00000000d5580000, 0x00000000de900000, 0x0000000100000000)
  eden space 127488K, 0% used [0x00000000d5580000,0x00000000d5580000,0x00000000dd200000)
  from space 8192K, 99% used [0x00000000de100000,0x00000000de8fcdf8,0x00000000de900000)
  to   space 11264K, 0% used [0x00000000dd300000,0x00000000dd300000,0x00000000dde00000)
 ParOldGen       total 46080K, used 6668K [0x0000000080000000, 0x0000000082d00000, 0x00000000d5580000)
  object space 46080K, 14% used [0x0000000080000000,0x00000000806830e8,0x0000000082d00000)
 Metaspace       used 28503K, capacity 29374K, committed 29616K, reserved 1075200K
  class space    used 3948K, capacity 4187K, committed 4272K, reserved 1048576K
}
Event: 4.756 GC heap before
{Heap before GC invocations=10 (full 1):
 PSYoungGen      total 135680K, used 104324K [0x00000000d5580000, 0x00000000de900000, 0x0000000100000000)
  eden space 127488K, 75% used [0x00000000d5580000,0x00000000db364368,0x00000000dd200000)
  from space 8192K, 99% used [0x00000000de100000,0x00000000de8fcdf8,0x00000000de900000)
  to   space 11264K, 0% used [0x00000000dd300000,0x00000000dd300000,0x00000000dde00000)
 ParOldGen       total 46080K, used 6668K [0x0000000080000000, 0x0000000082d00000, 0x00000000d5580000)
  object space 46080K, 14% used [0x0000000080000000,0x00000000806830e8,0x0000000082d00000)
 Metaspace       used 34230K, capacity 35412K, committed 35496K, reserved 1079296K
  class space    used 4714K, capacity 5001K, committed 5040K, reserved 1048576K
Event: 4.773 GC heap after
Heap after GC invocations=10 (full 1):
 PSYoungGen      total 139776K, used 11237K [0x00000000d5580000, 0x00000000e2f80000, 0x0000000100000000)
  eden space 128512K, 0% used [0x00000000d5580000,0x00000000d5580000,0x00000000dd300000)
  from space 11264K, 99% used [0x00000000dd300000,0x00000000dddf96a8,0x00000000dde00000)
  to   space 12800K, 0% used [0x00000000e2300000,0x00000000e2300000,0x00000000e2f80000)
 ParOldGen       total 46080K, used 6691K [0x0000000080000000, 0x0000000082d00000, 0x00000000d5580000)
  object space 46080K, 14% used [0x0000000080000000,0x0000000080688fc8,0x0000000082d00000)
 Metaspace       used 34230K, capacity 35412K, committed 35496K, reserved 1079296K
  class space    used 4714K, capacity 5001K, committed 5040K, reserved 1048576K
}
Event: 4.773 GC heap before
{Heap before GC invocations=11 (full 2):
 PSYoungGen      total 139776K, used 11237K [0x00000000d5580000, 0x00000000e2f80000, 0x0000000100000000)
  eden space 128512K, 0% used [0x00000000d5580000,0x00000000d5580000,0x00000000dd300000)
  from space 11264K, 99% used [0x00000000dd300000,0x00000000dddf96a8,0x00000000dde00000)
  to   space 12800K, 0% used [0x00000000e2300000,0x00000000e2300000,0x00000000e2f80000)
 ParOldGen       total 46080K, used 6691K [0x0000000080000000, 0x0000000082d00000, 0x00000000d5580000)
  object space 46080K, 14% used [0x0000000080000000,0x0000000080688fc8,0x0000000082d00000)
 Metaspace       used 34230K, capacity 35412K, committed 35496K, reserved 1079296K
  class space    used 4714K, capacity 5001K, committed 5040K, reserved 1048576K
Event: 4.845 GC heap after
Heap after GC invocations=11 (full 2):
 PSYoungGen      total 139776K, used 0K [0x00000000d5580000, 0x00000000e2f80000, 0x0000000100000000)
  eden space 128512K, 0% used [0x00000000d5580000,0x00000000d5580000,0x00000000dd300000)
  from space 11264K, 0% used [0x00000000dd300000,0x00000000dd300000,0x00000000dde00000)
  to   space 12800K, 0% used [0x00000000e2300000,0x00000000e2300000,0x00000000e2f80000)
 ParOldGen       total 46080K, used 17309K [0x0000000080000000, 0x0000000082d00000, 0x00000000d5580000)
  object space 46080K, 37% used [0x0000000080000000,0x00000000810e76d0,0x0000000082d00000)
 Metaspace       used 34230K, capacity 35412K, committed 35496K, reserved 1079296K
  class space    used 4714K, capacity 5001K, committed 5040K, reserved 1048576K
}

Deoptimization events (10 events):
Event: 4.040 Thread 0x000000001bcc7800 Uncommon trap: reason=unstable_if action=reinterpret pc=0x0000000002fd50f8 method=java.util.concurrent.ConcurrentHashMap.addCount(JI)V @ 7
Event: 4.053 Thread 0x000000001cbd1800 Uncommon trap: reason=unstable_if action=reinterpret pc=0x00000000030f222c method=java.net.URLClassLoader.defineClass(Ljava/lang/String;Lsun/misc/Resource;)Ljava/lang/Class; @ 21
Event: 4.054 Thread 0x000000001cbd1800 Uncommon trap: reason=unstable_if action=reinterpret pc=0x0000000002fed134 method=java.lang.ClassLoader.getClassLoadingLock(Ljava/lang/String;)Ljava/lang/Object; @ 6
Event: 4.271 Thread 0x000000001cbd1800 Uncommon trap: reason=unstable_if action=reinterpret pc=0x000000000309ba84 method=java.util.HashMap.getNode(ILjava/lang/Object;)Ljava/util/HashMap$Node; @ 53
Event: 4.338 Thread 0x000000001cbd1800 Uncommon trap: reason=unstable_if action=reinterpret pc=0x00000000032cc244 method=org.gradle.internal.reflect.PropertyAccessorType.isGetGetterName(Ljava/lang/String;)Z @ 14
Event: 4.355 Thread 0x000000001cbd1800 Uncommon trap: reason=unstable_if action=reinterpret pc=0x00000000031e3a00 method=org.objectweb.asm.ByteVector.putShort(I)Lorg/objectweb/asm/ByteVector; @ 13
Event: 4.417 Thread 0x000000001cbd1800 Uncommon trap: reason=unstable_if action=reinterpret pc=0x0000000003130030 method=java.net.URLClassLoader.defineClass(Ljava/lang/String;Lsun/misc/Resource;)Ljava/lang/Class; @ 21
Event: 4.468 Thread 0x000000001cbd1800 Uncommon trap: reason=unstable_if action=reinterpret pc=0x00000000034a5744 method=org.codehaus.groovy.runtime.metaclass.MetaMethodIndex.addMethodToList(Ljava/lang/Object;Lgroovy/lang/MetaMethod;)Ljava/lang/Object; @ 226
Event: 4.481 Thread 0x000000001cbd1800 Uncommon trap: reason=unstable_if action=reinterpret pc=0x000000000325c2c4 method=java.util.WeakHashMap.put(Ljava/lang/Object;Ljava/lang/Object;)Ljava/lang/Object; @ 59
Event: 4.514 Thread 0x000000001cbd1800 Uncommon trap: reason=range_check action=make_not_entrant pc=0x0000000003480b50 method=java.lang.String.charAt(I)C @ 27

Classes redefined (0 events):
No events

Internal exceptions (10 events):
Event: 4.486 Thread 0x000000001cbd1800 Exception <a 'java/lang/ClassNotFoundException': org/gradle/api/internal/artifacts/dsl/DefaultRepositoryHandlerCustomizer> (0x00000000d91aa208) thrown at [C:\src\AOSP-openjdk-git\hotspot\src\share\vm\classfile\systemDictionary.cpp, line 210]
Event: 4.487 Thread 0x000000001cbd1800 Exception <a 'java/lang/ClassNotFoundException': org/gradle/api/internal/artifacts/dsl/DefaultRepositoryHandler_DecoratedCustomizer> (0x00000000d922d9f0) thrown at [C:\src\AOSP-openjdk-git\hotspot\src\share\vm\classfile\systemDictionary.cpp, line 210]
Event: 4.608 Thread 0x000000001cbd1800 Exception <a 'java/lang/ClassNotFoundException': org/gradle/api/internal/artifacts/dsl/dependencies/DefaultDependencyHandler_DecoratedBeanInfo> (0x00000000da0824b0) thrown at [C:\src\AOSP-openjdk-git\hotspot\src\share\vm\classfile\systemDictionary.cpp, li
Event: 4.609 Thread 0x000000001cbd1800 Exception <a 'java/lang/ClassNotFoundException': org/gradle/api/internal/artifacts/dsl/dependencies/DefaultDependencyHandlerBeanInfo> (0x00000000da0daef8) thrown at [C:\src\AOSP-openjdk-git\hotspot\src\share\vm\classfile\systemDictionary.cpp, line 210]
Event: 4.612 Thread 0x000000001cbd1800 Exception <a 'java/lang/ClassNotFoundException': org/gradle/api/internal/artifacts/dsl/dependencies/DefaultDependencyHandlerCustomizer> (0x00000000da134b38) thrown at [C:\src\AOSP-openjdk-git\hotspot\src\share\vm\classfile\systemDictionary.cpp, line 210]
Event: 4.613 Thread 0x000000001cbd1800 Exception <a 'java/lang/ClassNotFoundException': org/gradle/api/internal/artifacts/dsl/dependencies/DefaultDependencyHandler_DecoratedCustomizer> (0x00000000da1bf7d0) thrown at [C:\src\AOSP-openjdk-git\hotspot\src\share\vm\classfile\systemDictionary.cpp, 
Event: 4.680 Thread 0x000000001cbd1800 Exception <a 'java/lang/NoSuchMethodError': java.lang.Object.lambda$static$0(Lorg/gradle/api/internal/artifacts/configurations/MutationValidator$MutationType;)V> (0x00000000da8cb7c0) thrown at [C:\src\AOSP-openjdk-git\hotspot\src\share\vm\interpreter\link
Event: 4.873 Thread 0x000000001cbd1800 Exception <a 'java/lang/NoSuchMethodError': java.lang.Object.lambda$static$0(Lorg/gradle/internal/component/model/DependencyMetadata;)Lorg/gradle/api/internal/artifacts/ivyservice/dependencysubstitution/DependencySubstitutionApplicator$SubstitutionResult;
Event: 4.909 Thread 0x000000001cbd1800 Exception <a 'java/lang/IncompatibleClassChangeError': Found class java.lang.Object, but interface was expected> (0x00000000d5f5bbf8) thrown at [C:\src\AOSP-openjdk-git\hotspot\src\share\vm\interpreter\linkResolver.cpp, line 653]
Event: 4.911 Thread 0x000000001cbd1800 Exception <a 'java/lang/NoSuchMethodError': java.lang.Object.lambda$thenComparing$36697e65$1(Ljava/util/Comparator;Ljava/lang/Object;Ljava/lang/Object;)I> (0x00000000d5f676a8) thrown at [C:\src\AOSP-openjdk-git\hotspot\src\share\vm\interpreter\linkResolve

Events (10 events):
Event: 4.951 loading class org/gradle/api/internal/artifacts/ivyservice/modulecache/ModuleMetadataCacheEntrySerializer
Event: 4.951 loading class org/gradle/api/internal/artifacts/ivyservice/modulecache/ModuleMetadataCacheEntrySerializer done
Event: 4.952 loading class org/gradle/api/internal/artifacts/ivyservice/modulecache/ModuleMetadataCacheEntry
Event: 4.952 loading class org/gradle/api/internal/artifacts/ivyservice/modulecache/ModuleMetadataCacheEntry done
Event: 4.952 loading class org/gradle/api/internal/artifacts/ivyservice/modulecache/MissingModuleCacheEntry
Event: 4.952 loading class org/gradle/api/internal/artifacts/ivyservice/modulecache/MissingModuleCacheEntry done
Event: 4.952 loading class org/gradle/api/internal/artifacts/DependencyManagementGradleUserHomeScopeServices$1
Event: 4.952 loading class org/gradle/api/internal/artifacts/DependencyManagementGradleUserHomeScopeServices$1 done
Event: 4.954 loading class org/gradle/api/internal/artifacts/ivyservice/WritableArtifactCacheLockingManager$CacheLockingPersistentCache
Event: 4.954 loading class org/gradle/api/internal/artifacts/ivyservice/WritableArtifactCacheLockingManager$CacheLockingPersistentCache done


Dynamic libraries:
0x00007ff72ffc0000 - 0x00007ff72fff1000 	D:\Code Java1\jre\bin\java.exe
0x00007fff0ada0000 - 0x00007fff0af90000 	C:\WINDOWS\SYSTEM32\ntdll.dll
0x00007fff0a790000 - 0x00007fff0a842000 	C:\WINDOWS\System32\KERNEL32.DLL
0x00007fff08780000 - 0x00007fff08a25000 	C:\WINDOWS\System32\KERNELBASE.dll
0x00007fff08ef0000 - 0x00007fff08f93000 	C:\WINDOWS\System32\ADVAPI32.dll
0x00007fff0aa20000 - 0x00007fff0aabe000 	C:\WINDOWS\System32\msvcrt.dll
0x00007fff0a980000 - 0x00007fff0aa17000 	C:\WINDOWS\System32\sechost.dll
0x00007fff0a850000 - 0x00007fff0a970000 	C:\WINDOWS\System32\RPCRT4.dll
0x00007fff09ba0000 - 0x00007fff09d34000 	C:\WINDOWS\System32\USER32.dll
0x00007fff08ae0000 - 0x00007fff08b01000 	C:\WINDOWS\System32\win32u.dll
0x00007fff090c0000 - 0x00007fff090e6000 	C:\WINDOWS\System32\GDI32.dll
0x00007fff08c00000 - 0x00007fff08d96000 	C:\WINDOWS\System32\gdi32full.dll
0x00007fff08b60000 - 0x00007fff08bfe000 	C:\WINDOWS\System32\msvcp_win.dll
0x00007fff085f0000 - 0x00007fff086ea000 	C:\WINDOWS\System32\ucrtbase.dll
0x00007ffef4cd0000 - 0x00007ffef4f54000 	C:\WINDOWS\WinSxS\amd64_microsoft.windows.common-controls_6595b64144ccf1df_6.0.18362.1256_none_9e7e379be45e40e2\COMCTL32.dll
0x00007fff097e0000 - 0x00007fff09b16000 	C:\WINDOWS\System32\combase.dll
0x00007fff086f0000 - 0x00007fff08771000 	C:\WINDOWS\System32\bcryptPrimitives.dll
0x00007fff08eb0000 - 0x00007fff08ede000 	C:\WINDOWS\System32\IMM32.DLL
0x0000000065330000 - 0x0000000065402000 	D:\Code Java1\jre\jre\bin\msvcr100.dll
0x0000000065410000 - 0x0000000065c5b000 	D:\Code Java1\jre\jre\bin\server\jvm.dll
0x00007fff09000000 - 0x00007fff09008000 	C:\WINDOWS\System32\PSAPI.DLL
0x00007ffeff730000 - 0x00007ffeff739000 	C:\WINDOWS\SYSTEM32\WSOCK32.dll
0x00007fff00380000 - 0x00007fff0038a000 	C:\WINDOWS\SYSTEM32\VERSION.dll
0x00007fff055c0000 - 0x00007fff055e4000 	C:\WINDOWS\SYSTEM32\WINMM.dll
0x00007fff09de0000 - 0x00007fff09e4f000 	C:\WINDOWS\System32\WS2_32.dll
0x00007fff05140000 - 0x00007fff0516d000 	C:\WINDOWS\SYSTEM32\WINMMBASE.dll
0x00007fff08e00000 - 0x00007fff08e4a000 	C:\WINDOWS\System32\cfgmgr32.dll
0x00007ffeff530000 - 0x00007ffeff53f000 	D:\Code Java1\jre\jre\bin\verify.dll
0x00007ffee31f0000 - 0x00007ffee3219000 	D:\Code Java1\jre\jre\bin\java.dll
0x00007ffee31d0000 - 0x00007ffee31e6000 	D:\Code Java1\jre\jre\bin\zip.dll
0x00007fff090f0000 - 0x00007fff097d7000 	C:\WINDOWS\System32\SHELL32.dll
0x00007fff0a390000 - 0x00007fff0a439000 	C:\WINDOWS\System32\shcore.dll
0x00007fff07e60000 - 0x00007fff085e1000 	C:\WINDOWS\System32\windows.storage.dll
0x00007fff07c70000 - 0x00007fff07c93000 	C:\WINDOWS\System32\profapi.dll
0x00007fff07ca0000 - 0x00007fff07cea000 	C:\WINDOWS\System32\powrprof.dll
0x00007fff07c40000 - 0x00007fff07c50000 	C:\WINDOWS\System32\UMPDC.dll
0x00007fff08fa0000 - 0x00007fff08ff2000 	C:\WINDOWS\System32\shlwapi.dll
0x00007fff07cf0000 - 0x00007fff07d01000 	C:\WINDOWS\System32\kernel.appcore.dll
0x00007fff08b40000 - 0x00007fff08b57000 	C:\WINDOWS\System32\cryptsp.dll
0x00007ffee2ec0000 - 0x00007ffee2eda000 	D:\Code Java1\jre\jre\bin\net.dll
0x00007fff07450000 - 0x00007fff074b7000 	C:\WINDOWS\system32\mswsock.dll
0x00007ffee2cb0000 - 0x00007ffee2cc3000 	D:\Code Java1\jre\jre\bin\nio.dll
0x00007ffed8450000 - 0x00007ffed8477000 	C:\Users\admin\.gradle\native\f6784746aeab05261644944871eae4fe03e0ef1612fff0a4a95f87b438bc6780\windows-amd64\native-platform.dll
0x00007ffeff4a0000 - 0x00007ffeff4ad000 	D:\Code Java1\jre\jre\bin\management.dll
0x00007fff06fc0000 - 0x00007fff06ff3000 	C:\WINDOWS\system32\rsaenh.dll
0x00007fff08b10000 - 0x00007fff08b36000 	C:\WINDOWS\System32\bcrypt.dll
0x00007fff07b60000 - 0x00007fff07b85000 	C:\WINDOWS\SYSTEM32\USERENV.dll
0x00007fff07600000 - 0x00007fff0760c000 	C:\WINDOWS\SYSTEM32\CRYPTBASE.dll
0x00007fff07160000 - 0x00007fff0719a000 	C:\WINDOWS\SYSTEM32\IPHLPAPI.DLL
0x00007fff0a970000 - 0x00007fff0a978000 	C:\WINDOWS\System32\NSI.dll
0x00007ffefe0b0000 - 0x00007ffefe0c6000 	C:\WINDOWS\SYSTEM32\dhcpcsvc6.DLL
0x00007ffefe070000 - 0x00007ffefe08c000 	C:\WINDOWS\SYSTEM32\dhcpcsvc.DLL
0x00007fff071b0000 - 0x00007fff0727b000 	C:\WINDOWS\SYSTEM32\DNSAPI.dll
0x00007ffefe0d0000 - 0x00007ffefe0db000 	C:\WINDOWS\SYSTEM32\WINNSI.DLL

VM Arguments:
jvm_args: -Xmx2048m -Dfile.encoding=windows-1252 -Duser.country=GB -Duser.language=en -Duser.variant 
java_command: org.gradle.launcher.daemon.bootstrap.GradleDaemon 6.5
java_class_path (initial): C:\Users\admin\.gradle\wrapper\dists\gradle-6.5-all\2oz4ud9k3tuxjg84bbf55q0tn\gradle-6.5\lib\gradle-launcher-6.5.jar
Launcher Type: SUN_STANDARD

Environment Variables:
JAVA_HOME=C:\Program Files\Java\jdk-13.0.2
PATH=C:\Windows\system32;C:\Windows;C:\Windows\System32\Wbem;C:\Windows\System32\WindowsPowerShell\v1.0\;C:\Windows\System32\OpenSSH\;C:\Program Files (x86)\NVIDIA Corporation\PhysX\Common;C:\Program Files\NVIDIA Corporation\NVIDIA NGX;C:\Program Files\NVIDIA Corporation\NVIDIA NvDLISR;C:\Program Files\Java\jdk-13.0.2\bin;C:\WINDOWS\system32;C:\WINDOWS;C:\WINDOWS\System32\Wbem;C:\WINDOWS\System32\WindowsPowerShell\v1.0\;C:\WINDOWS\System32\OpenSSH\;C:\Program Files\Git\cmd;C:\Program Files\Docker\Docker\resources\bin;C:\ProgramData\DockerDesktop\version-bin;C:\Users\admin\AppData\Local\Microsoft\WindowsApps;C:\Users\admin\AppData\Local\GitHubDesktop\bin
USERNAME=admin
OS=Windows_NT
PROCESSOR_IDENTIFIER=Intel64 Family 6 Model 158 Stepping 10, GenuineIntel



---------------  S Y S T E M  ---------------

OS: Windows 10.0 , 64 bit Build 18362 (10.0.18362.1110)

CPU:total 12 (initial active 12) (6 cores per cpu, 2 threads per core) family 6 model 158 stepping 10, cmov, cx8, fxsr, mmx, sse, sse2, sse3, ssse3, sse4.1, sse4.2, popcnt, avx, avx2, aes, clmul, erms, 3dnowpref, lzcnt, ht, tsc, tscinvbit, bmi1, bmi2, adx

Memory: 4k page, physical 8264948k(500104k free), swap 20847860k(2500k free)

vm_info: OpenJDK 64-Bit Server VM (25.242-b01) for windows-amd64 JRE (1.8.0_242-release-1644-b01), built by "builder" with MS VC++ 10.0 (VS2010)

time: Sun Dec 13 22:09:02 2020
timezone: SE Asia Standard Time
elapsed time: 5 seconds (0d 0h 0m 5s)

