#
# There is insufficient memory for the Java Runtime Environment to continue.
# Native memory allocation (malloc) failed to allocate 32744 bytes for ChunkPool::allocate
# Possible reasons:
#   The system is out of physical RAM or swap space
#   The process is running with CompressedOops enabled, and the Java Heap may be blocking the growth of the native heap
# Possible solutions:
#   Reduce memory load on the system
#   Increase physical memory or swap space
#   Check if swap backing store is full
#   Decrease Java heap size (-Xmx/-Xms)
#   Decrease number of Java threads
#   Decrease Java thread stack sizes (-Xss)
#   Set larger code cache with -XX:ReservedCodeCacheSize=
#   JVM is running with Unscaled Compressed Oops mode in which the Java heap is
#     placed in the first 4GB address space. The Java Heap base address is the
#     maximum limit for the native heap growth. Please use -XX:HeapBaseMinAddress
#     to set the Java Heap base and to place the Java Heap above 4GB virtual address.
# This output file may be truncated or incomplete.
#
#  Out of Memory Error (allocation.cpp:272), pid=5596, tid=0x00000000000025c0
#
# JRE version: OpenJDK Runtime Environment (8.0_242-b01) (build 1.8.0_242-release-1644-b01)
# Java VM: OpenJDK 64-Bit Server VM (25.242-b01 mixed mode windows-amd64 compressed oops)
# Failed to write core dump. Minidumps are not enabled by default on client versions of Windows
#

---------------  T H R E A D  ---------------

Current thread (0x00000000197d0000):  JavaThread "C2 CompilerThread2" daemon [_thread_in_native, id=9664, stack(0x000000001b020000,0x000000001b120000)]

Stack: [0x000000001b020000,0x000000001b120000]
[error occurred during error reporting (printing stack bounds), id 0xc0000005]

Native frames: (J=compiled Java code, j=interpreted, Vv=VM code, C=native code)


Current CompileTask:
C2:   3875 1490   !   4       java.net.URLClassLoader$1::run (63 bytes)


---------------  P R O C E S S  ---------------

Java Threads: ( => current thread )
  0x000000001d11a000 JavaThread "Cache worker for file hash cache (C:\Users\admin\.gradle\caches\6.5\fileHashes)" [_thread_blocked, id=1556, stack(0x000000001f640000,0x000000001f740000)]
  0x000000001d117000 JavaThread "File lock request listener" [_thread_in_native, id=840, stack(0x000000001f340000,0x000000001f440000)]
  0x000000001c2a0000 JavaThread "Cache worker for journal cache (C:\Users\admin\.gradle\caches\journal-1)" [_thread_blocked, id=19448, stack(0x000000001f240000,0x000000001f340000)]
  0x000000001d081800 JavaThread "Thread-9" [_thread_blocked, id=18156, stack(0x000000001ef40000,0x000000001f040000)]
  0x000000001d080000 JavaThread "Stdin handler" [_thread_blocked, id=7680, stack(0x000000001ee40000,0x000000001ef40000)]
  0x000000001d07b800 JavaThread "Asynchronous log dispatcher for DefaultDaemonConnection: socket connection from /127.0.0.1:57762 to /127.0.0.1:57765" [_thread_blocked, id=7988, stack(0x000000001ed40000,0x000000001ee40000)]
  0x000000001d08a000 JavaThread "Daemon worker" [_thread_in_vm, id=11688, stack(0x000000001ec40000,0x000000001ed40000)]
  0x000000001d089000 JavaThread "Cancel handler" [_thread_blocked, id=9240, stack(0x000000001eb40000,0x000000001ec40000)]
  0x000000001d072800 JavaThread "Handler for socket connection from /127.0.0.1:57762 to /127.0.0.1:57765" [_thread_in_native, id=17400, stack(0x000000001ea40000,0x000000001eb40000)]
  0x000000001d06f800 JavaThread "Daemon" [_thread_blocked, id=4228, stack(0x000000001e940000,0x000000001ea40000)]
  0x000000001d062800 JavaThread "Daemon periodic checks" [_thread_blocked, id=4596, stack(0x000000001e640000,0x000000001e740000)]
  0x000000001d008800 JavaThread "Incoming local TCP Connector on port 57762" [_thread_in_native, id=8128, stack(0x000000001e400000,0x000000001e500000)]
  0x000000001cfca800 JavaThread "Daemon health stats" [_thread_blocked, id=17900, stack(0x000000001ddc0000,0x000000001dec0000)]
  0x000000001985b000 JavaThread "Service Thread" daemon [_thread_blocked, id=3544, stack(0x000000001b220000,0x000000001b320000)]
  0x00000000197d1000 JavaThread "C1 CompilerThread3" daemon [_thread_in_vm, id=18444, stack(0x000000001b120000,0x000000001b220000)]
=>0x00000000197d0000 JavaThread "C2 CompilerThread2" daemon [_thread_in_native, id=9664, stack(0x000000001b020000,0x000000001b120000)]
  0x00000000197cd800 JavaThread "C2 CompilerThread1" daemon [_thread_in_native, id=16640, stack(0x000000001af20000,0x000000001b020000)]
  0x00000000197c4800 JavaThread "C2 CompilerThread0" daemon [_thread_in_native, id=12164, stack(0x000000001ae20000,0x000000001af20000)]
  0x00000000197c2800 JavaThread "Attach Listener" daemon [_thread_blocked, id=14640, stack(0x000000001ad20000,0x000000001ae20000)]
  0x00000000197c1800 JavaThread "Signal Dispatcher" daemon [_thread_blocked, id=16780, stack(0x000000001ac20000,0x000000001ad20000)]
  0x00000000180d2000 JavaThread "Finalizer" daemon [_thread_blocked, id=15188, stack(0x000000001aa20000,0x000000001ab20000)]
  0x00000000197b3000 JavaThread "Reference Handler" daemon [_thread_blocked, id=13224, stack(0x000000001a920000,0x000000001aa20000)]
  0x0000000002c1d800 JavaThread "main" [_thread_blocked, id=6156, stack(0x0000000002c60000,0x0000000002d60000)]

Other Threads:
  0x0000000019792800 VMThread [stack: 0x000000001a820000,0x000000001a920000] [id=4492]
  0x000000001985c800 WatcherThread [stack: 0x000000001b320000,0x000000001b420000] [id=14696]

VM state:not at safepoint (normal execution)

VM Mutex/Monitor currently owned by a thread: None

OutOfMemory and StackOverflow Exception counts:
OutOfMemoryError java_heap_errors=4

heap address: 0x0000000080000000, size: 2048 MB, Compressed Oops mode: 32-bit
Narrow klass base: 0x0000000000000000, Narrow klass shift: 3
Compressed class space size: 1073741824 Address: 0x0000000100000000

Heap:
 PSYoungGen      total 38400K, used 28938K [0x00000000d5580000, 0x00000000d9b00000, 0x0000000100000000)
  eden space 33280K, 75% used [0x00000000d5580000,0x00000000d6e29f90,0x00000000d7600000)
  from space 5120K, 71% used [0x00000000d7600000,0x00000000d79989a0,0x00000000d7b00000)
  to   space 7680K, 0% used [0x00000000d9380000,0x00000000d9380000,0x00000000d9b00000)
 ParOldGen       total 51200K, used 5614K [0x0000000080000000, 0x0000000083200000, 0x00000000d5580000)
  object space 51200K, 10% used [0x0000000080000000,0x000000008057bb70,0x0000000083200000)
 Metaspace       used 18857K, capacity 19518K, committed 19840K, reserved 1069056K
  class space    used 2607K, capacity 2809K, committed 2944K, reserved 1048576K

Card table byte_map: [0x0000000012220000,0x0000000012630000] byte_map_base: 0x0000000011e20000

Marking Bits: (ParMarkBitMap*) 0x0000000065bdf030
 Begin Bits: [0x00000000132e0000, 0x00000000152e0000)
 End Bits:   [0x00000000152e0000, 0x00000000172e0000)

Polling page: 0x0000000001450000

CodeCache: size=245760Kb used=5213Kb max_used=5213Kb free=240546Kb
 bounds [0x0000000002e60000, 0x0000000003380000, 0x0000000011e60000]
 total_blobs=1912 nmethods=1500 adapters=324
 compilation: enabled

Compilation events (10 events):
Event: 3.853 Thread 0x00000000197d1000 1512       3       java.net.URI::match (56 bytes)
Event: 3.853 Thread 0x00000000197d1000 nmethod 1512 0x0000000003377110 code [0x0000000003377280, 0x0000000003377590]
Event: 3.853 Thread 0x00000000197d1000 1513       3       java.net.URI$Parser::scan (73 bytes)
Event: 3.854 Thread 0x00000000197d1000 nmethod 1513 0x0000000003377610 code [0x00000000033777e0, 0x0000000003377ee8]
Event: 3.854 Thread 0x00000000197d1000 1514       3       sun.nio.cs.UTF_8$Decoder::decodeLoop (28 bytes)
Event: 3.854 Thread 0x00000000197d1000 nmethod 1514 0x0000000003378350 code [0x00000000033784e0, 0x0000000003378a18]
Event: 3.854 Thread 0x00000000197d1000 1515       3       java.util.concurrent.locks.ReentrantLock::unlock (10 bytes)
Event: 3.854 Thread 0x00000000197d1000 nmethod 1515 0x0000000003378b90 code [0x0000000003378d20, 0x0000000003379118]
Event: 3.855 Thread 0x00000000197d1000 1516       3       org.gradle.internal.service.DefaultServiceRegistry$OwnServices::getProviders (26 bytes)
Event: 3.855 Thread 0x00000000197d1000 nmethod 1516 0x0000000003379250 code [0x00000000033793e0, 0x00000000033797a8]

GC Heap History (10 events):
Event: 1.009 GC heap before
{Heap before GC invocations=2 (full 0):
 PSYoungGen      total 38400K, used 37914K [0x00000000d5580000, 0x00000000d8000000, 0x0000000100000000)
  eden space 33280K, 100% used [0x00000000d5580000,0x00000000d7600000,0x00000000d7600000)
  from space 5120K, 90% used [0x00000000d7600000,0x00000000d7a86b48,0x00000000d7b00000)
  to   space 5120K, 0% used [0x00000000d7b00000,0x00000000d7b00000,0x00000000d8000000)
 ParOldGen       total 87552K, used 16K [0x0000000080000000, 0x0000000085580000, 0x00000000d5580000)
  object space 87552K, 0% used [0x0000000080000000,0x0000000080004000,0x0000000085580000)
 Metaspace       used 7785K, capacity 8086K, committed 8320K, reserved 1056768K
  class space    used 956K, capacity 1077K, committed 1152K, reserved 1048576K
Event: 1.018 GC heap after
Heap after GC invocations=2 (full 0):
 PSYoungGen      total 38400K, used 3393K [0x00000000d5580000, 0x00000000d8000000, 0x0000000100000000)
  eden space 33280K, 0% used [0x00000000d5580000,0x00000000d5580000,0x00000000d7600000)
  from space 5120K, 66% used [0x00000000d7b00000,0x00000000d7e505e8,0x00000000d8000000)
  to   space 5120K, 0% used [0x00000000d7600000,0x00000000d7600000,0x00000000d7b00000)
 ParOldGen       total 87552K, used 24K [0x0000000080000000, 0x0000000085580000, 0x00000000d5580000)
  object space 87552K, 0% used [0x0000000080000000,0x0000000080006000,0x0000000085580000)
 Metaspace       used 7785K, capacity 8086K, committed 8320K, reserved 1056768K
  class space    used 956K, capacity 1077K, committed 1152K, reserved 1048576K
}
Event: 2.870 GC heap before
{Heap before GC invocations=3 (full 0):
 PSYoungGen      total 38400K, used 36673K [0x00000000d5580000, 0x00000000d8000000, 0x0000000100000000)
  eden space 33280K, 100% used [0x00000000d5580000,0x00000000d7600000,0x00000000d7600000)
  from space 5120K, 66% used [0x00000000d7b00000,0x00000000d7e505e8,0x00000000d8000000)
  to   space 5120K, 0% used [0x00000000d7600000,0x00000000d7600000,0x00000000d7b00000)
 ParOldGen       total 87552K, used 24K [0x0000000080000000, 0x0000000085580000, 0x00000000d5580000)
  object space 87552K, 0% used [0x0000000080000000,0x0000000080006000,0x0000000085580000)
 Metaspace       used 12199K, capacity 12508K, committed 12800K, reserved 1060864K
  class space    used 1627K, capacity 1726K, committed 1792K, reserved 1048576K
Event: 2.874 GC heap after
Heap after GC invocations=3 (full 0):
 PSYoungGen      total 38400K, used 5088K [0x00000000d5580000, 0x00000000d8000000, 0x0000000100000000)
  eden space 33280K, 0% used [0x00000000d5580000,0x00000000d5580000,0x00000000d7600000)
  from space 5120K, 99% used [0x00000000d7600000,0x00000000d7af8020,0x00000000d7b00000)
  to   space 5120K, 0% used [0x00000000d7b00000,0x00000000d7b00000,0x00000000d8000000)
 ParOldGen       total 87552K, used 1284K [0x0000000080000000, 0x0000000085580000, 0x00000000d5580000)
  object space 87552K, 1% used [0x0000000080000000,0x00000000801412e8,0x0000000085580000)
 Metaspace       used 12199K, capacity 12508K, committed 12800K, reserved 1060864K
  class space    used 1627K, capacity 1726K, committed 1792K, reserved 1048576K
}
Event: 3.037 GC heap before
{Heap before GC invocations=4 (full 0):
 PSYoungGen      total 38400K, used 24028K [0x00000000d5580000, 0x00000000d8000000, 0x0000000100000000)
  eden space 33280K, 56% used [0x00000000d5580000,0x00000000d67ff208,0x00000000d7600000)
  from space 5120K, 99% used [0x00000000d7600000,0x00000000d7af8020,0x00000000d7b00000)
  to   space 5120K, 0% used [0x00000000d7b00000,0x00000000d7b00000,0x00000000d8000000)
 ParOldGen       total 87552K, used 1284K [0x0000000080000000, 0x0000000085580000, 0x00000000d5580000)
  object space 87552K, 1% used [0x0000000080000000,0x00000000801412e8,0x0000000085580000)
 Metaspace       used 13238K, capacity 13634K, committed 13824K, reserved 1067008K
  class space    used 1823K, capacity 1947K, committed 2048K, reserved 1048576K
Event: 3.041 GC heap after
Heap after GC invocations=4 (full 0):
 PSYoungGen      total 38400K, used 5108K [0x00000000d5580000, 0x00000000d8000000, 0x0000000100000000)
  eden space 33280K, 0% used [0x00000000d5580000,0x00000000d5580000,0x00000000d7600000)
  from space 5120K, 99% used [0x00000000d7b00000,0x00000000d7ffd130,0x00000000d8000000)
  to   space 5120K, 0% used [0x00000000d7600000,0x00000000d7600000,0x00000000d7b00000)
 ParOldGen       total 87552K, used 2048K [0x0000000080000000, 0x0000000085580000, 0x00000000d5580000)
  object space 87552K, 2% used [0x0000000080000000,0x00000000802001f8,0x0000000085580000)
 Metaspace       used 13238K, capacity 13634K, committed 13824K, reserved 1067008K
  class space    used 1823K, capacity 1947K, committed 2048K, reserved 1048576K
}
Event: 3.041 GC heap before
{Heap before GC invocations=5 (full 1):
 PSYoungGen      total 38400K, used 5108K [0x00000000d5580000, 0x00000000d8000000, 0x0000000100000000)
  eden space 33280K, 0% used [0x00000000d5580000,0x00000000d5580000,0x00000000d7600000)
  from space 5120K, 99% used [0x00000000d7b00000,0x00000000d7ffd130,0x00000000d8000000)
  to   space 5120K, 0% used [0x00000000d7600000,0x00000000d7600000,0x00000000d7b00000)
 ParOldGen       total 87552K, used 2048K [0x0000000080000000, 0x0000000085580000, 0x00000000d5580000)
  object space 87552K, 2% used [0x0000000080000000,0x00000000802001f8,0x0000000085580000)
 Metaspace       used 13238K, capacity 13634K, committed 13824K, reserved 1067008K
  class space    used 1823K, capacity 1947K, committed 2048K, reserved 1048576K
Event: 3.062 GC heap after
Heap after GC invocations=5 (full 1):
 PSYoungGen      total 38400K, used 0K [0x00000000d5580000, 0x00000000d8000000, 0x0000000100000000)
  eden space 33280K, 0% used [0x00000000d5580000,0x00000000d5580000,0x00000000d7600000)
  from space 5120K, 0% used [0x00000000d7b00000,0x00000000d7b00000,0x00000000d8000000)
  to   space 5120K, 0% used [0x00000000d7600000,0x00000000d7600000,0x00000000d7b00000)
 ParOldGen       total 51200K, used 5614K [0x0000000080000000, 0x0000000083200000, 0x00000000d5580000)
  object space 51200K, 10% used [0x0000000080000000,0x000000008057bb70,0x0000000083200000)
 Metaspace       used 13238K, capacity 13634K, committed 13824K, reserved 1064960K
  class space    used 1823K, capacity 1947K, committed 2048K, reserved 1048576K
}
Event: 3.575 GC heap before
{Heap before GC invocations=6 (full 1):
 PSYoungGen      total 38400K, used 33280K [0x00000000d5580000, 0x00000000d8000000, 0x0000000100000000)
  eden space 33280K, 100% used [0x00000000d5580000,0x00000000d7600000,0x00000000d7600000)
  from space 5120K, 0% used [0x00000000d7b00000,0x00000000d7b00000,0x00000000d8000000)
  to   space 5120K, 0% used [0x00000000d7600000,0x00000000d7600000,0x00000000d7b00000)
 ParOldGen       total 51200K, used 5614K [0x0000000080000000, 0x0000000083200000, 0x00000000d5580000)
  object space 51200K, 10% used [0x0000000080000000,0x000000008057bb70,0x0000000083200000)
 Metaspace       used 16683K, capacity 17278K, committed 17664K, reserved 1067008K
  class space    used 2259K, capacity 2433K, committed 2560K, reserved 1048576K
Event: 3.580 GC heap after
Heap after GC invocations=6 (full 1):
 PSYoungGen      total 38400K, used 3682K [0x00000000d5580000, 0x00000000d9b00000, 0x0000000100000000)
  eden space 33280K, 0% used [0x00000000d5580000,0x00000000d5580000,0x00000000d7600000)
  from space 5120K, 71% used [0x00000000d7600000,0x00000000d79989a0,0x00000000d7b00000)
  to   space 7680K, 0% used [0x00000000d9380000,0x00000000d9380000,0x00000000d9b00000)
 ParOldGen       total 51200K, used 5614K [0x0000000080000000, 0x0000000083200000, 0x00000000d5580000)
  object space 51200K, 10% used [0x0000000080000000,0x000000008057bb70,0x0000000083200000)
 Metaspace       used 16683K, capacity 17278K, committed 17664K, reserved 1067008K
  class space    used 2259K, capacity 2433K, committed 2560K, reserved 1048576K
}

Deoptimization events (10 events):
Event: 3.120 Thread 0x000000001d08a000 Uncommon trap: reason=class_check action=maybe_recompile pc=0x000000000301d18c method=java.util.regex.Matcher.match(II)Z @ 86
Event: 3.386 Thread 0x000000001d08a000 Uncommon trap: reason=unstable_if action=reinterpret pc=0x000000000317fa0c method=java.io.File.getName()Ljava/lang/String; @ 16
Event: 3.386 Thread 0x000000001d08a000 Uncommon trap: reason=unstable_if action=reinterpret pc=0x0000000003181fd4 method=java.lang.String.substring(I)Ljava/lang/String; @ 35
Event: 3.610 Thread 0x000000001d08a000 Uncommon trap: reason=unstable_if action=reinterpret pc=0x0000000003182530 method=java.util.LinkedHashMap.afterNodeInsertion(Z)V @ 1
Event: 3.610 Thread 0x000000001d08a000 Uncommon trap: reason=unstable_if action=reinterpret pc=0x00000000030d1504 method=java.util.HashMap.getNode(ILjava/lang/Object;)Ljava/util/HashMap$Node; @ 129
Event: 3.610 Thread 0x000000001d08a000 Uncommon trap: reason=bimorphic action=maybe_recompile pc=0x0000000003308d24 method=java.util.HashMap.putVal(ILjava/lang/Object;Ljava/lang/Object;ZZ)Ljava/lang/Object; @ 203
Event: 3.614 Thread 0x000000001d08a000 Uncommon trap: reason=unstable_if action=reinterpret pc=0x00000000030c3ed0 method=java.util.HashMap.getNode(ILjava/lang/Object;)Ljava/util/HashMap$Node; @ 129
Event: 3.614 Thread 0x000000001d08a000 Uncommon trap: reason=bimorphic action=maybe_recompile pc=0x0000000003308d24 method=java.util.HashMap.putVal(ILjava/lang/Object;Ljava/lang/Object;ZZ)Ljava/lang/Object; @ 203
Event: 3.852 Thread 0x000000001d08a000 Uncommon trap: reason=unstable_if action=reinterpret pc=0x000000000302b3c8 method=java.net.URI.match(CJJ)Z @ 19
Event: 3.852 Thread 0x000000001d08a000 Uncommon trap: reason=unstable_if action=reinterpret pc=0x000000000310e1c0 method=java.net.URI.match(CJJ)Z @ 19

Classes redefined (0 events):
No events

Internal exceptions (10 events):
Event: 2.840 Thread 0x000000001d072800 Exception <a 'java/lang/NoSuchMethodError': <clinit>> (0x00000000d7449b68) thrown at [C:\src\AOSP-openjdk-git\hotspot\src\share\vm\prims\jni.cpp, line 1615]
Event: 3.433 Thread 0x000000001d08a000 Exception <a 'java/lang/NoSuchMethodError': java.lang.Object.lambda$and$0(Ljava/util/function/Predicate;Ljava/lang/Object;)Z> (0x00000000d65a2338) thrown at [C:\src\AOSP-openjdk-git\hotspot\src\share\vm\interpreter\linkResolver.cpp, line 620]
Event: 3.438 Thread 0x000000001d08a000 Exception <a 'java/lang/IncompatibleClassChangeError': Found class java.lang.Object, but interface was expected> (0x00000000d65b2630) thrown at [C:\src\AOSP-openjdk-git\hotspot\src\share\vm\interpreter\linkResolver.cpp, line 653]
Event: 3.441 Thread 0x000000001d08a000 Exception <a 'java/lang/NoSuchMethodError': java.lang.Object.lambda$or$2(Ljava/util/function/Predicate;Ljava/lang/Object;)Z> (0x00000000d65b7180) thrown at [C:\src\AOSP-openjdk-git\hotspot\src\share\vm\interpreter\linkResolver.cpp, line 620]
Event: 3.648 Thread 0x000000001d08a000 Exception <a 'java/lang/NoSuchMethodError': java.lang.Object.lambda$static$0(Lorg/gradle/internal/state/ModelObject;)Ljava/lang/String;> (0x00000000d5d29f08) thrown at [C:\src\AOSP-openjdk-git\hotspot\src\share\vm\interpreter\linkResolver.cpp, line 620]
Event: 3.854 Thread 0x000000001d08a000 Exception <a 'java/lang/OutOfMemoryError'> (0x00000000d6dca960) thrown at [C:\src\AOSP-openjdk-git\hotspot\src\share\vm\prims\jni.cpp, line 737]
Event: 3.854 Thread 0x000000001d08a000 Exception <a 'java/lang/OutOfMemoryError'> (0x00000000d6dca960) thrown at [C:\src\AOSP-openjdk-git\hotspot\src\share\vm\prims\jvm.cpp, line 1506]
Event: 3.854 Thread 0x000000001d08a000 Exception <a 'java/lang/OutOfMemoryError'> (0x00000000d6dca960) thrown at [C:\src\AOSP-openjdk-git\hotspot\src\share\vm\prims\jvm.cpp, line 1506]
Event: 3.854 Thread 0x000000001d08a000 Exception <a 'java/lang/OutOfMemoryError'> (0x00000000d6dca960) thrown at [C:\src\AOSP-openjdk-git\hotspot\src\share\vm\prims\jvm.cpp, line 1506]
Event: 3.854 Thread 0x000000001d08a000 Exception <a 'java/lang/reflect/InvocationTargetException'> (0x00000000d6dcaf38) thrown at [C:\src\AOSP-openjdk-git\hotspot\src\share\vm\runtime\reflection.cpp, line 1092]

Events (10 events):
Event: 3.857 loading class org/gradle/api/internal/MutationGuard
Event: 3.857 loading class org/gradle/api/internal/MutationGuard done
Event: 3.857 loading class org/gradle/api/internal/MutationGuards$1
Event: 3.857 loading class org/gradle/api/internal/MutationGuards$1 done
Event: 3.857 loading class org/gradle/api/internal/model/DefaultObjectFactory
Event: 3.857 loading class org/gradle/api/internal/model/DefaultObjectFactory done
Event: 3.858 loading class org/gradle/api/InvalidUserCodeException
Event: 3.858 loading class org/gradle/api/InvalidUserCodeException done
Event: 3.858 loading class org/gradle/api/file/SourceDirectorySet
Event: 3.858 loading class org/gradle/api/file/SourceDirectorySet done


Dynamic libraries:
0x00007ff74adf0000 - 0x00007ff74ae21000 	D:\Code Java1\jre\bin\java.exe
0x00007fff0ada0000 - 0x00007fff0af90000 	C:\WINDOWS\SYSTEM32\ntdll.dll
0x00007fff0a790000 - 0x00007fff0a842000 	C:\WINDOWS\System32\KERNEL32.DLL
0x00007fff08780000 - 0x00007fff08a25000 	C:\WINDOWS\System32\KERNELBASE.dll
0x00007fff08ef0000 - 0x00007fff08f93000 	C:\WINDOWS\System32\ADVAPI32.dll
0x00007fff0aa20000 - 0x00007fff0aabe000 	C:\WINDOWS\System32\msvcrt.dll
0x00007fff0a980000 - 0x00007fff0aa17000 	C:\WINDOWS\System32\sechost.dll
0x00007fff0a850000 - 0x00007fff0a970000 	C:\WINDOWS\System32\RPCRT4.dll
0x00007fff09ba0000 - 0x00007fff09d34000 	C:\WINDOWS\System32\USER32.dll
0x00007fff08ae0000 - 0x00007fff08b01000 	C:\WINDOWS\System32\win32u.dll
0x00007fff090c0000 - 0x00007fff090e6000 	C:\WINDOWS\System32\GDI32.dll
0x00007fff08c00000 - 0x00007fff08d96000 	C:\WINDOWS\System32\gdi32full.dll
0x00007fff08b60000 - 0x00007fff08bfe000 	C:\WINDOWS\System32\msvcp_win.dll
0x00007fff085f0000 - 0x00007fff086ea000 	C:\WINDOWS\System32\ucrtbase.dll
0x00007ffef4cd0000 - 0x00007ffef4f54000 	C:\WINDOWS\WinSxS\amd64_microsoft.windows.common-controls_6595b64144ccf1df_6.0.18362.1256_none_9e7e379be45e40e2\COMCTL32.dll
0x00007fff097e0000 - 0x00007fff09b16000 	C:\WINDOWS\System32\combase.dll
0x00007fff086f0000 - 0x00007fff08771000 	C:\WINDOWS\System32\bcryptPrimitives.dll
0x00007fff08eb0000 - 0x00007fff08ede000 	C:\WINDOWS\System32\IMM32.DLL
0x0000000065330000 - 0x0000000065402000 	D:\Code Java1\jre\jre\bin\msvcr100.dll
0x0000000065410000 - 0x0000000065c5b000 	D:\Code Java1\jre\jre\bin\server\jvm.dll
0x00007fff09000000 - 0x00007fff09008000 	C:\WINDOWS\System32\PSAPI.DLL
0x00007ffeff730000 - 0x00007ffeff739000 	C:\WINDOWS\SYSTEM32\WSOCK32.dll
0x00007fff00380000 - 0x00007fff0038a000 	C:\WINDOWS\SYSTEM32\VERSION.dll
0x00007fff09de0000 - 0x00007fff09e4f000 	C:\WINDOWS\System32\WS2_32.dll
0x00007fff055c0000 - 0x00007fff055e4000 	C:\WINDOWS\SYSTEM32\WINMM.dll
0x00007fff05140000 - 0x00007fff0516d000 	C:\WINDOWS\SYSTEM32\WINMMBASE.dll
0x00007fff08e00000 - 0x00007fff08e4a000 	C:\WINDOWS\System32\cfgmgr32.dll
0x00007ffed8960000 - 0x00007ffed896f000 	D:\Code Java1\jre\jre\bin\verify.dll
0x00007ffed22c0000 - 0x00007ffed22e9000 	D:\Code Java1\jre\jre\bin\java.dll
0x00007ffed22a0000 - 0x00007ffed22b6000 	D:\Code Java1\jre\jre\bin\zip.dll
0x00007fff090f0000 - 0x00007fff097d7000 	C:\WINDOWS\System32\SHELL32.dll
0x00007fff0a390000 - 0x00007fff0a439000 	C:\WINDOWS\System32\shcore.dll
0x00007fff07e60000 - 0x00007fff085e1000 	C:\WINDOWS\System32\windows.storage.dll
0x00007fff07c70000 - 0x00007fff07c93000 	C:\WINDOWS\System32\profapi.dll
0x00007fff07ca0000 - 0x00007fff07cea000 	C:\WINDOWS\System32\powrprof.dll
0x00007fff07c40000 - 0x00007fff07c50000 	C:\WINDOWS\System32\UMPDC.dll
0x00007fff08fa0000 - 0x00007fff08ff2000 	C:\WINDOWS\System32\shlwapi.dll
0x00007fff07cf0000 - 0x00007fff07d01000 	C:\WINDOWS\System32\kernel.appcore.dll
0x00007fff08b40000 - 0x00007fff08b57000 	C:\WINDOWS\System32\cryptsp.dll
0x00007ffed2280000 - 0x00007ffed229a000 	D:\Code Java1\jre\jre\bin\net.dll
0x00007fff07450000 - 0x00007fff074b7000 	C:\WINDOWS\system32\mswsock.dll
0x00007ffed2260000 - 0x00007ffed2273000 	D:\Code Java1\jre\jre\bin\nio.dll
0x00007ffee2cb0000 - 0x00007ffee2cd7000 	C:\Users\admin\.gradle\native\f6784746aeab05261644944871eae4fe03e0ef1612fff0a4a95f87b438bc6780\windows-amd64\native-platform.dll
0x00007ffed2250000 - 0x00007ffed225d000 	D:\Code Java1\jre\jre\bin\management.dll
0x00007fff06fc0000 - 0x00007fff06ff3000 	C:\WINDOWS\system32\rsaenh.dll
0x00007fff08b10000 - 0x00007fff08b36000 	C:\WINDOWS\System32\bcrypt.dll
0x00007fff07b60000 - 0x00007fff07b85000 	C:\WINDOWS\SYSTEM32\USERENV.dll
0x00007fff07600000 - 0x00007fff0760c000 	C:\WINDOWS\SYSTEM32\CRYPTBASE.dll
0x00007fff07160000 - 0x00007fff0719a000 	C:\WINDOWS\SYSTEM32\IPHLPAPI.DLL
0x00007fff0a970000 - 0x00007fff0a978000 	C:\WINDOWS\System32\NSI.dll
0x00007ffefe0b0000 - 0x00007ffefe0c6000 	C:\WINDOWS\SYSTEM32\dhcpcsvc6.DLL
0x00007ffefe070000 - 0x00007ffefe08c000 	C:\WINDOWS\SYSTEM32\dhcpcsvc.DLL
0x00007fff071b0000 - 0x00007fff0727b000 	C:\WINDOWS\SYSTEM32\DNSAPI.dll
0x00007ffefe0d0000 - 0x00007ffefe0db000 	C:\WINDOWS\SYSTEM32\WINNSI.DLL

VM Arguments:
jvm_args: -Xmx2048m -Dfile.encoding=windows-1252 -Duser.country=GB -Duser.language=en -Duser.variant 
java_command: org.gradle.launcher.daemon.bootstrap.GradleDaemon 6.5
java_class_path (initial): C:\Users\admin\.gradle\wrapper\dists\gradle-6.5-all\2oz4ud9k3tuxjg84bbf55q0tn\gradle-6.5\lib\gradle-launcher-6.5.jar
Launcher Type: SUN_STANDARD

Environment Variables:
JAVA_HOME=C:\Program Files\Java\jdk-13.0.2
PATH=C:\Windows\system32;C:\Windows;C:\Windows\System32\Wbem;C:\Windows\System32\WindowsPowerShell\v1.0\;C:\Windows\System32\OpenSSH\;C:\Program Files (x86)\NVIDIA Corporation\PhysX\Common;C:\Program Files\NVIDIA Corporation\NVIDIA NGX;C:\Program Files\NVIDIA Corporation\NVIDIA NvDLISR;C:\Program Files\Java\jdk-13.0.2\bin;C:\WINDOWS\system32;C:\WINDOWS;C:\WINDOWS\System32\Wbem;C:\WINDOWS\System32\WindowsPowerShell\v1.0\;C:\WINDOWS\System32\OpenSSH\;C:\Program Files\Git\cmd;C:\Program Files\Docker\Docker\resources\bin;C:\ProgramData\DockerDesktop\version-bin;C:\Users\admin\AppData\Local\Microsoft\WindowsApps;C:\Users\admin\AppData\Local\GitHubDesktop\bin
USERNAME=admin
OS=Windows_NT
PROCESSOR_IDENTIFIER=Intel64 Family 6 Model 158 Stepping 10, GenuineIntel



---------------  S Y S T E M  ---------------

OS: Windows 10.0 , 64 bit Build 18362 (10.0.18362.1110)

CPU:total 12 (initial active 12) (6 cores per cpu, 2 threads per core) family 6 model 158 stepping 10, cmov, cx8, fxsr, mmx, sse, sse2, sse3, ssse3, sse4.1, sse4.2, popcnt, avx, avx2, aes, clmul, erms, 3dnowpref, lzcnt, ht, tsc, tscinvbit, bmi1, bmi2, adx

Memory: 4k page, physical 8264948k(360708k free), swap 20847860k(4132k free)

vm_info: OpenJDK 64-Bit Server VM (25.242-b01) for windows-amd64 JRE (1.8.0_242-release-1644-b01), built by "builder" with MS VC++ 10.0 (VS2010)

time: Sun Dec 13 22:01:15 2020
timezone: SE Asia Standard Time
elapsed time: 3 seconds (0d 0h 0m 3s)

